[2023-01-03 17:24:44,132] INFO Kafka Connect stopping (org.apache.kafka.connect.runtime.Connect:67)
[2023-01-03 17:24:44,154] INFO Stopping REST server (org.apache.kafka.connect.runtime.rest.RestServer:327)
[2023-01-03 17:24:44,237] INFO Stopped http_8083@5ba26eb0{HTTP/1.1, (http/1.1)}{0.0.0.0:8083} (org.eclipse.jetty.server.AbstractConnector:381)
[2023-01-03 17:24:44,241] INFO node0 Stopped scavenging (org.eclipse.jetty.server.session:149)
[2023-01-03 17:24:44,248] INFO REST server stopped (org.apache.kafka.connect.runtime.rest.RestServer:344)
[2023-01-03 17:24:44,248] INFO [Worker clientId=connect-1, groupId=connect-cluster] Herder stopping (org.apache.kafka.connect.runtime.distributed.DistributedHerder:682)
[2023-01-03 17:24:44,249] INFO [Worker clientId=connect-1, groupId=connect-cluster] Stopping connectors and tasks that are still assigned to this worker. (org.apache.kafka.connect.runtime.distributed.DistributedHerder:656)
[2023-01-03 17:24:44,252] INFO [Worker clientId=connect-1, groupId=connect-cluster] Member connect-1-cf927413-df1e-43a6-97da-bb789cb32a99 sending LeaveGroup request to coordinator 127.0.0.1:9092 (id: 2147483647 rack: null) due to the consumer is being closed (org.apache.kafka.clients.consumer.internals.AbstractCoordinator:1029)
[2023-01-03 17:24:44,254] WARN [Worker clientId=connect-1, groupId=connect-cluster] Close timed out with 1 pending requests to coordinator, terminating client connections (org.apache.kafka.clients.consumer.internals.AbstractCoordinator:1010)
[2023-01-03 17:24:44,254] INFO Metrics scheduler closed (org.apache.kafka.common.metrics.Metrics:668)
[2023-01-03 17:24:44,254] INFO Closing reporter org.apache.kafka.common.metrics.JmxReporter (org.apache.kafka.common.metrics.Metrics:672)
[2023-01-03 17:24:44,260] INFO Metrics reporters closed (org.apache.kafka.common.metrics.Metrics:678)
[2023-01-03 17:24:44,289] INFO App info kafka.connect for connect-1 unregistered (org.apache.kafka.common.utils.AppInfoParser:83)
[2023-01-03 17:24:44,290] INFO Stopping KafkaBasedLog for topic connect-status (org.apache.kafka.connect.util.KafkaBasedLog:170)
[2023-01-03 17:24:44,290] INFO [Producer clientId=producer-2] Closing the Kafka producer with timeoutMillis = 9223372036854775807 ms. (org.apache.kafka.clients.producer.KafkaProducer:1205)
[2023-01-03 17:24:44,295] INFO Metrics scheduler closed (org.apache.kafka.common.metrics.Metrics:668)
[2023-01-03 17:24:44,296] INFO Closing reporter org.apache.kafka.common.metrics.JmxReporter (org.apache.kafka.common.metrics.Metrics:672)
[2023-01-03 17:24:44,296] INFO Metrics reporters closed (org.apache.kafka.common.metrics.Metrics:678)
[2023-01-03 17:24:44,299] INFO App info kafka.producer for producer-2 unregistered (org.apache.kafka.common.utils.AppInfoParser:83)
[2023-01-03 17:24:44,301] INFO Metrics scheduler closed (org.apache.kafka.common.metrics.Metrics:668)
[2023-01-03 17:24:44,302] INFO Closing reporter org.apache.kafka.common.metrics.JmxReporter (org.apache.kafka.common.metrics.Metrics:672)
[2023-01-03 17:24:44,302] INFO Metrics reporters closed (org.apache.kafka.common.metrics.Metrics:678)
[2023-01-03 17:24:44,305] INFO App info kafka.consumer for consumer-connect-cluster-2 unregistered (org.apache.kafka.common.utils.AppInfoParser:83)
[2023-01-03 17:24:44,305] INFO Stopped KafkaBasedLog for topic connect-status (org.apache.kafka.connect.util.KafkaBasedLog:196)
[2023-01-03 17:24:44,306] INFO Closing KafkaConfigBackingStore (org.apache.kafka.connect.storage.KafkaConfigBackingStore:285)
[2023-01-03 17:24:44,306] INFO Stopping KafkaBasedLog for topic connect-configs (org.apache.kafka.connect.util.KafkaBasedLog:170)
[2023-01-03 17:24:44,306] INFO [Producer clientId=producer-3] Closing the Kafka producer with timeoutMillis = 9223372036854775807 ms. (org.apache.kafka.clients.producer.KafkaProducer:1205)
[2023-01-03 17:24:44,308] INFO Metrics scheduler closed (org.apache.kafka.common.metrics.Metrics:668)
[2023-01-03 17:24:44,309] INFO Closing reporter org.apache.kafka.common.metrics.JmxReporter (org.apache.kafka.common.metrics.Metrics:672)
[2023-01-03 17:24:44,309] INFO Metrics reporters closed (org.apache.kafka.common.metrics.Metrics:678)
[2023-01-03 17:24:44,309] INFO App info kafka.producer for producer-3 unregistered (org.apache.kafka.common.utils.AppInfoParser:83)
[2023-01-03 17:24:44,309] INFO Metrics scheduler closed (org.apache.kafka.common.metrics.Metrics:668)
[2023-01-03 17:24:44,309] INFO Closing reporter org.apache.kafka.common.metrics.JmxReporter (org.apache.kafka.common.metrics.Metrics:672)
[2023-01-03 17:24:44,309] INFO Metrics reporters closed (org.apache.kafka.common.metrics.Metrics:678)
[2023-01-03 17:24:44,312] INFO App info kafka.consumer for consumer-connect-cluster-3 unregistered (org.apache.kafka.common.utils.AppInfoParser:83)
[2023-01-03 17:24:44,312] INFO Stopped KafkaBasedLog for topic connect-configs (org.apache.kafka.connect.util.KafkaBasedLog:196)
[2023-01-03 17:24:44,312] INFO Closed KafkaConfigBackingStore (org.apache.kafka.connect.storage.KafkaConfigBackingStore:287)
[2023-01-03 17:24:44,312] INFO Worker stopping (org.apache.kafka.connect.runtime.Worker:209)
[2023-01-03 17:24:44,313] INFO Stopping KafkaOffsetBackingStore (org.apache.kafka.connect.storage.KafkaOffsetBackingStore:134)
[2023-01-03 17:24:44,313] INFO Stopping KafkaBasedLog for topic connect-offsets (org.apache.kafka.connect.util.KafkaBasedLog:170)
[2023-01-03 17:24:44,314] INFO [Producer clientId=producer-1] Closing the Kafka producer with timeoutMillis = 9223372036854775807 ms. (org.apache.kafka.clients.producer.KafkaProducer:1205)
[2023-01-03 17:24:44,315] INFO Metrics scheduler closed (org.apache.kafka.common.metrics.Metrics:668)
[2023-01-03 17:24:44,315] INFO Closing reporter org.apache.kafka.common.metrics.JmxReporter (org.apache.kafka.common.metrics.Metrics:672)
[2023-01-03 17:24:44,315] INFO Metrics reporters closed (org.apache.kafka.common.metrics.Metrics:678)
[2023-01-03 17:24:44,318] INFO App info kafka.producer for producer-1 unregistered (org.apache.kafka.common.utils.AppInfoParser:83)
[2023-01-03 17:24:44,318] INFO Metrics scheduler closed (org.apache.kafka.common.metrics.Metrics:668)
[2023-01-03 17:24:44,318] INFO Closing reporter org.apache.kafka.common.metrics.JmxReporter (org.apache.kafka.common.metrics.Metrics:672)
[2023-01-03 17:24:44,320] INFO Metrics reporters closed (org.apache.kafka.common.metrics.Metrics:678)
[2023-01-03 17:24:44,322] INFO App info kafka.consumer for consumer-connect-cluster-1 unregistered (org.apache.kafka.common.utils.AppInfoParser:83)
[2023-01-03 17:24:44,323] INFO Stopped KafkaBasedLog for topic connect-offsets (org.apache.kafka.connect.util.KafkaBasedLog:196)
[2023-01-03 17:24:44,323] INFO Stopped KafkaOffsetBackingStore (org.apache.kafka.connect.storage.KafkaOffsetBackingStore:136)
[2023-01-03 17:24:44,323] INFO Metrics scheduler closed (org.apache.kafka.common.metrics.Metrics:668)
[2023-01-03 17:24:44,323] INFO Closing reporter org.apache.kafka.common.metrics.JmxReporter (org.apache.kafka.common.metrics.Metrics:672)
[2023-01-03 17:24:44,323] INFO Metrics reporters closed (org.apache.kafka.common.metrics.Metrics:678)
[2023-01-03 17:24:44,325] INFO App info kafka.connect for 172.30.1.15:8083 unregistered (org.apache.kafka.common.utils.AppInfoParser:83)
[2023-01-03 17:24:44,326] INFO Worker stopped (org.apache.kafka.connect.runtime.Worker:230)
[2023-01-03 17:24:44,334] INFO [Worker clientId=connect-1, groupId=connect-cluster] Herder stopped (org.apache.kafka.connect.runtime.distributed.DistributedHerder:300)
[2023-01-03 17:24:44,335] INFO [Worker clientId=connect-1, groupId=connect-cluster] Herder stopped (org.apache.kafka.connect.runtime.distributed.DistributedHerder:702)
[2023-01-03 17:24:44,335] INFO Kafka Connect stopped (org.apache.kafka.connect.runtime.Connect:72)
