logger=settings t=2023-01-03T00:54:22.999981+09:00 level=info msg="Starting Grafana" version=9.3.2 commit=21c1d14e91 branch=HEAD compiled=2022-12-14T19:40:18+09:00
logger=settings t=2023-01-03T00:54:23.000388+09:00 level=info msg="Config loaded from" file=/Users/jinheekim/Desktop/SpringCloud/grafana-9.3.2/conf/defaults.ini
logger=settings t=2023-01-03T00:54:23.000408+09:00 level=info msg="Path Home" path=/Users/jinheekim/Desktop/SpringCloud/grafana-9.3.2
logger=settings t=2023-01-03T00:54:23.000421+09:00 level=info msg="Path Data" path=/Users/jinheekim/Desktop/SpringCloud/grafana-9.3.2/data
logger=settings t=2023-01-03T00:54:23.000431+09:00 level=info msg="Path Logs" path=/Users/jinheekim/Desktop/SpringCloud/grafana-9.3.2/data/log
logger=settings t=2023-01-03T00:54:23.000441+09:00 level=info msg="Path Plugins" path=/Users/jinheekim/Desktop/SpringCloud/grafana-9.3.2/data/plugins
logger=settings t=2023-01-03T00:54:23.00045+09:00 level=info msg="Path Provisioning" path=/Users/jinheekim/Desktop/SpringCloud/grafana-9.3.2/conf/provisioning
logger=settings t=2023-01-03T00:54:23.00046+09:00 level=info msg="App mode production"
logger=sqlstore t=2023-01-03T00:54:23.000533+09:00 level=info msg="Connecting to DB" dbtype=sqlite3
logger=sqlstore t=2023-01-03T00:54:23.00055+09:00 level=info msg="Creating SQLite database file" path=/Users/jinheekim/Desktop/SpringCloud/grafana-9.3.2/data/grafana.db
logger=migrator t=2023-01-03T00:54:23.002567+09:00 level=info msg="Starting DB migrations"
logger=migrator t=2023-01-03T00:54:23.002641+09:00 level=info msg="Executing migration" id="create migration_log table"
logger=migrator t=2023-01-03T00:54:23.004138+09:00 level=info msg="Executing migration" id="create user table"
logger=migrator t=2023-01-03T00:54:23.005042+09:00 level=info msg="Executing migration" id="add unique index user.login"
logger=migrator t=2023-01-03T00:54:23.00561+09:00 level=info msg="Executing migration" id="add unique index user.email"
logger=migrator t=2023-01-03T00:54:23.006306+09:00 level=info msg="Executing migration" id="drop index UQE_user_login - v1"
logger=migrator t=2023-01-03T00:54:23.006986+09:00 level=info msg="Executing migration" id="drop index UQE_user_email - v1"
logger=migrator t=2023-01-03T00:54:23.007364+09:00 level=info msg="Executing migration" id="Rename table user to user_v1 - v1"
logger=migrator t=2023-01-03T00:54:23.008201+09:00 level=info msg="Executing migration" id="create user table v2"
logger=migrator t=2023-01-03T00:54:23.008568+09:00 level=info msg="Executing migration" id="create index UQE_user_login - v2"
logger=migrator t=2023-01-03T00:54:23.009019+09:00 level=info msg="Executing migration" id="create index UQE_user_email - v2"
logger=migrator t=2023-01-03T00:54:23.009468+09:00 level=info msg="Executing migration" id="copy data_source v1 to v2"
logger=migrator t=2023-01-03T00:54:23.009846+09:00 level=info msg="Executing migration" id="Drop old table user_v1"
logger=migrator t=2023-01-03T00:54:23.011002+09:00 level=info msg="Executing migration" id="Add column help_flags1 to user table"
logger=migrator t=2023-01-03T00:54:23.011473+09:00 level=info msg="Executing migration" id="Update user table charset"
logger=migrator t=2023-01-03T00:54:23.011722+09:00 level=info msg="Executing migration" id="Add last_seen_at column to user"
logger=migrator t=2023-01-03T00:54:23.012082+09:00 level=info msg="Executing migration" id="Add missing user data"
logger=migrator t=2023-01-03T00:54:23.012391+09:00 level=info msg="Executing migration" id="Add is_disabled column to user"
logger=migrator t=2023-01-03T00:54:23.012856+09:00 level=info msg="Executing migration" id="Add index user.login/user.email"
logger=migrator t=2023-01-03T00:54:23.013211+09:00 level=info msg="Executing migration" id="Add is_service_account column to user"
logger=migrator t=2023-01-03T00:54:23.013578+09:00 level=info msg="Executing migration" id="Update is_service_account column to nullable"
logger=migrator t=2023-01-03T00:54:23.015018+09:00 level=info msg="Executing migration" id="create temp user table v1-7"
logger=migrator t=2023-01-03T00:54:23.015716+09:00 level=info msg="Executing migration" id="create index IDX_temp_user_email - v1-7"
logger=migrator t=2023-01-03T00:54:23.016231+09:00 level=info msg="Executing migration" id="create index IDX_temp_user_org_id - v1-7"
logger=migrator t=2023-01-03T00:54:23.016918+09:00 level=info msg="Executing migration" id="create index IDX_temp_user_code - v1-7"
logger=migrator t=2023-01-03T00:54:23.017338+09:00 level=info msg="Executing migration" id="create index IDX_temp_user_status - v1-7"
logger=migrator t=2023-01-03T00:54:23.017797+09:00 level=info msg="Executing migration" id="Update temp_user table charset"
logger=migrator t=2023-01-03T00:54:23.018125+09:00 level=info msg="Executing migration" id="drop index IDX_temp_user_email - v1"
logger=migrator t=2023-01-03T00:54:23.018457+09:00 level=info msg="Executing migration" id="drop index IDX_temp_user_org_id - v1"
logger=migrator t=2023-01-03T00:54:23.018808+09:00 level=info msg="Executing migration" id="drop index IDX_temp_user_code - v1"
logger=migrator t=2023-01-03T00:54:23.019132+09:00 level=info msg="Executing migration" id="drop index IDX_temp_user_status - v1"
logger=migrator t=2023-01-03T00:54:23.019458+09:00 level=info msg="Executing migration" id="Rename table temp_user to temp_user_tmp_qwerty - v1"
logger=migrator t=2023-01-03T00:54:23.020134+09:00 level=info msg="Executing migration" id="create temp_user v2"
logger=migrator t=2023-01-03T00:54:23.020959+09:00 level=info msg="Executing migration" id="create index IDX_temp_user_email - v2"
logger=migrator t=2023-01-03T00:54:23.021294+09:00 level=info msg="Executing migration" id="create index IDX_temp_user_org_id - v2"
logger=migrator t=2023-01-03T00:54:23.021723+09:00 level=info msg="Executing migration" id="create index IDX_temp_user_code - v2"
logger=migrator t=2023-01-03T00:54:23.022157+09:00 level=info msg="Executing migration" id="create index IDX_temp_user_status - v2"
logger=migrator t=2023-01-03T00:54:23.022501+09:00 level=info msg="Executing migration" id="copy temp_user v1 to v2"
logger=migrator t=2023-01-03T00:54:23.022933+09:00 level=info msg="Executing migration" id="drop temp_user_tmp_qwerty"
logger=migrator t=2023-01-03T00:54:23.023234+09:00 level=info msg="Executing migration" id="Set created for temp users that will otherwise prematurely expire"
logger=migrator t=2023-01-03T00:54:23.023531+09:00 level=info msg="Executing migration" id="create star table"
logger=migrator t=2023-01-03T00:54:23.023881+09:00 level=info msg="Executing migration" id="add unique index star.user_id_dashboard_id"
logger=migrator t=2023-01-03T00:54:23.024326+09:00 level=info msg="Executing migration" id="create org table v1"
logger=migrator t=2023-01-03T00:54:23.024665+09:00 level=info msg="Executing migration" id="create index UQE_org_name - v1"
logger=migrator t=2023-01-03T00:54:23.02501+09:00 level=info msg="Executing migration" id="create org_user table v1"
logger=migrator t=2023-01-03T00:54:23.025478+09:00 level=info msg="Executing migration" id="create index IDX_org_user_org_id - v1"
logger=migrator t=2023-01-03T00:54:23.025803+09:00 level=info msg="Executing migration" id="create index UQE_org_user_org_id_user_id - v1"
logger=migrator t=2023-01-03T00:54:23.026216+09:00 level=info msg="Executing migration" id="create index IDX_org_user_user_id - v1"
logger=migrator t=2023-01-03T00:54:23.026578+09:00 level=info msg="Executing migration" id="Update org table charset"
logger=migrator t=2023-01-03T00:54:23.02689+09:00 level=info msg="Executing migration" id="Update org_user table charset"
logger=migrator t=2023-01-03T00:54:23.027302+09:00 level=info msg="Executing migration" id="Migrate all Read Only Viewers to Viewers"
logger=migrator t=2023-01-03T00:54:23.027776+09:00 level=info msg="Executing migration" id="create dashboard table"
logger=migrator t=2023-01-03T00:54:23.028091+09:00 level=info msg="Executing migration" id="add index dashboard.account_id"
logger=migrator t=2023-01-03T00:54:23.028642+09:00 level=info msg="Executing migration" id="add unique index dashboard_account_id_slug"
logger=migrator t=2023-01-03T00:54:23.029163+09:00 level=info msg="Executing migration" id="create dashboard_tag table"
logger=migrator t=2023-01-03T00:54:23.029532+09:00 level=info msg="Executing migration" id="add unique index dashboard_tag.dasboard_id_term"
logger=migrator t=2023-01-03T00:54:23.02991+09:00 level=info msg="Executing migration" id="drop index UQE_dashboard_tag_dashboard_id_term - v1"
logger=migrator t=2023-01-03T00:54:23.030242+09:00 level=info msg="Executing migration" id="Rename table dashboard to dashboard_v1 - v1"
logger=migrator t=2023-01-03T00:54:23.031269+09:00 level=info msg="Executing migration" id="create dashboard v2"
logger=migrator t=2023-01-03T00:54:23.031609+09:00 level=info msg="Executing migration" id="create index IDX_dashboard_org_id - v2"
logger=migrator t=2023-01-03T00:54:23.031973+09:00 level=info msg="Executing migration" id="create index UQE_dashboard_org_id_slug - v2"
logger=migrator t=2023-01-03T00:54:23.032337+09:00 level=info msg="Executing migration" id="copy dashboard v1 to v2"
logger=migrator t=2023-01-03T00:54:23.032718+09:00 level=info msg="Executing migration" id="drop table dashboard_v1"
logger=migrator t=2023-01-03T00:54:23.033074+09:00 level=info msg="Executing migration" id="alter dashboard.data to mediumtext v1"
logger=migrator t=2023-01-03T00:54:23.033335+09:00 level=info msg="Executing migration" id="Add column updated_by in dashboard - v2"
logger=migrator t=2023-01-03T00:54:23.033802+09:00 level=info msg="Executing migration" id="Add column created_by in dashboard - v2"
logger=migrator t=2023-01-03T00:54:23.034282+09:00 level=info msg="Executing migration" id="Add column gnetId in dashboard"
logger=migrator t=2023-01-03T00:54:23.03475+09:00 level=info msg="Executing migration" id="Add index for gnetId in dashboard"
logger=migrator t=2023-01-03T00:54:23.035115+09:00 level=info msg="Executing migration" id="Add column plugin_id in dashboard"
logger=migrator t=2023-01-03T00:54:23.035598+09:00 level=info msg="Executing migration" id="Add index for plugin_id in dashboard"
logger=migrator t=2023-01-03T00:54:23.036005+09:00 level=info msg="Executing migration" id="Add index for dashboard_id in dashboard_tag"
logger=migrator t=2023-01-03T00:54:23.036381+09:00 level=info msg="Executing migration" id="Update dashboard table charset"
logger=migrator t=2023-01-03T00:54:23.03666+09:00 level=info msg="Executing migration" id="Update dashboard_tag table charset"
logger=migrator t=2023-01-03T00:54:23.036935+09:00 level=info msg="Executing migration" id="Add column folder_id in dashboard"
logger=migrator t=2023-01-03T00:54:23.037688+09:00 level=info msg="Executing migration" id="Add column isFolder in dashboard"
logger=migrator t=2023-01-03T00:54:23.038179+09:00 level=info msg="Executing migration" id="Add column has_acl in dashboard"
logger=migrator t=2023-01-03T00:54:23.038669+09:00 level=info msg="Executing migration" id="Add column uid in dashboard"
logger=migrator t=2023-01-03T00:54:23.039147+09:00 level=info msg="Executing migration" id="Update uid column values in dashboard"
logger=migrator t=2023-01-03T00:54:23.039432+09:00 level=info msg="Executing migration" id="Add unique index dashboard_org_id_uid"
logger=migrator t=2023-01-03T00:54:23.039917+09:00 level=info msg="Executing migration" id="Remove unique index org_id_slug"
logger=migrator t=2023-01-03T00:54:23.040259+09:00 level=info msg="Executing migration" id="Update dashboard title length"
logger=migrator t=2023-01-03T00:54:23.040513+09:00 level=info msg="Executing migration" id="Add unique index for dashboard_org_id_title_folder_id"
logger=migrator t=2023-01-03T00:54:23.040853+09:00 level=info msg="Executing migration" id="create dashboard_provisioning"
logger=migrator t=2023-01-03T00:54:23.041213+09:00 level=info msg="Executing migration" id="Rename table dashboard_provisioning to dashboard_provisioning_tmp_qwerty - v1"
logger=migrator t=2023-01-03T00:54:23.042349+09:00 level=info msg="Executing migration" id="create dashboard_provisioning v2"
logger=migrator t=2023-01-03T00:54:23.042717+09:00 level=info msg="Executing migration" id="create index IDX_dashboard_provisioning_dashboard_id - v2"
logger=migrator t=2023-01-03T00:54:23.043091+09:00 level=info msg="Executing migration" id="create index IDX_dashboard_provisioning_dashboard_id_name - v2"
logger=migrator t=2023-01-03T00:54:23.043446+09:00 level=info msg="Executing migration" id="copy dashboard_provisioning v1 to v2"
logger=migrator t=2023-01-03T00:54:23.04373+09:00 level=info msg="Executing migration" id="drop dashboard_provisioning_tmp_qwerty"
logger=migrator t=2023-01-03T00:54:23.044039+09:00 level=info msg="Executing migration" id="Add check_sum column"
logger=migrator t=2023-01-03T00:54:23.044628+09:00 level=info msg="Executing migration" id="Add index for dashboard_title"
logger=migrator t=2023-01-03T00:54:23.044962+09:00 level=info msg="Executing migration" id="delete tags for deleted dashboards"
logger=migrator t=2023-01-03T00:54:23.045222+09:00 level=info msg="Executing migration" id="delete stars for deleted dashboards"
logger=migrator t=2023-01-03T00:54:23.045491+09:00 level=info msg="Executing migration" id="Add index for dashboard_is_folder"
logger=migrator t=2023-01-03T00:54:23.045852+09:00 level=info msg="Executing migration" id="Add isPublic for dashboard"
logger=migrator t=2023-01-03T00:54:23.046369+09:00 level=info msg="Executing migration" id="create data_source table"
logger=migrator t=2023-01-03T00:54:23.046747+09:00 level=info msg="Executing migration" id="add index data_source.account_id"
logger=migrator t=2023-01-03T00:54:23.047113+09:00 level=info msg="Executing migration" id="add unique index data_source.account_id_name"
logger=migrator t=2023-01-03T00:54:23.047539+09:00 level=info msg="Executing migration" id="drop index IDX_data_source_account_id - v1"
logger=migrator t=2023-01-03T00:54:23.047869+09:00 level=info msg="Executing migration" id="drop index UQE_data_source_account_id_name - v1"
logger=migrator t=2023-01-03T00:54:23.048207+09:00 level=info msg="Executing migration" id="Rename table data_source to data_source_v1 - v1"
logger=migrator t=2023-01-03T00:54:23.049425+09:00 level=info msg="Executing migration" id="create data_source table v2"
logger=migrator t=2023-01-03T00:54:23.049773+09:00 level=info msg="Executing migration" id="create index IDX_data_source_org_id - v2"
logger=migrator t=2023-01-03T00:54:23.050125+09:00 level=info msg="Executing migration" id="create index UQE_data_source_org_id_name - v2"
logger=migrator t=2023-01-03T00:54:23.050585+09:00 level=info msg="Executing migration" id="Drop old table data_source_v1 #2"
logger=migrator t=2023-01-03T00:54:23.050914+09:00 level=info msg="Executing migration" id="Add column with_credentials"
logger=migrator t=2023-01-03T00:54:23.051444+09:00 level=info msg="Executing migration" id="Add secure json data column"
logger=migrator t=2023-01-03T00:54:23.052066+09:00 level=info msg="Executing migration" id="Update data_source table charset"
logger=migrator t=2023-01-03T00:54:23.052322+09:00 level=info msg="Executing migration" id="Update initial version to 1"
logger=migrator t=2023-01-03T00:54:23.05259+09:00 level=info msg="Executing migration" id="Add read_only data column"
logger=migrator t=2023-01-03T00:54:23.053105+09:00 level=info msg="Executing migration" id="Migrate logging ds to loki ds"
logger=migrator t=2023-01-03T00:54:23.053632+09:00 level=info msg="Executing migration" id="Update json_data with nulls"
logger=migrator t=2023-01-03T00:54:23.053905+09:00 level=info msg="Executing migration" id="Add uid column"
logger=migrator t=2023-01-03T00:54:23.054537+09:00 level=info msg="Executing migration" id="Update uid value"
logger=migrator t=2023-01-03T00:54:23.054821+09:00 level=info msg="Executing migration" id="Add unique index datasource_org_id_uid"
logger=migrator t=2023-01-03T00:54:23.0552+09:00 level=info msg="Executing migration" id="add unique index datasource_org_id_is_default"
logger=migrator t=2023-01-03T00:54:23.055579+09:00 level=info msg="Executing migration" id="create api_key table"
logger=migrator t=2023-01-03T00:54:23.055976+09:00 level=info msg="Executing migration" id="add index api_key.account_id"
logger=migrator t=2023-01-03T00:54:23.05635+09:00 level=info msg="Executing migration" id="add index api_key.key"
logger=migrator t=2023-01-03T00:54:23.05671+09:00 level=info msg="Executing migration" id="add index api_key.account_id_name"
logger=migrator t=2023-01-03T00:54:23.057107+09:00 level=info msg="Executing migration" id="drop index IDX_api_key_account_id - v1"
logger=migrator t=2023-01-03T00:54:23.057438+09:00 level=info msg="Executing migration" id="drop index UQE_api_key_key - v1"
logger=migrator t=2023-01-03T00:54:23.057786+09:00 level=info msg="Executing migration" id="drop index UQE_api_key_account_id_name - v1"
logger=migrator t=2023-01-03T00:54:23.058143+09:00 level=info msg="Executing migration" id="Rename table api_key to api_key_v1 - v1"
logger=migrator t=2023-01-03T00:54:23.059469+09:00 level=info msg="Executing migration" id="create api_key table v2"
logger=migrator t=2023-01-03T00:54:23.059803+09:00 level=info msg="Executing migration" id="create index IDX_api_key_org_id - v2"
logger=migrator t=2023-01-03T00:54:23.060156+09:00 level=info msg="Executing migration" id="create index UQE_api_key_key - v2"
logger=migrator t=2023-01-03T00:54:23.060524+09:00 level=info msg="Executing migration" id="create index UQE_api_key_org_id_name - v2"
logger=migrator t=2023-01-03T00:54:23.060877+09:00 level=info msg="Executing migration" id="copy api_key v1 to v2"
logger=migrator t=2023-01-03T00:54:23.061169+09:00 level=info msg="Executing migration" id="Drop old table api_key_v1"
logger=migrator t=2023-01-03T00:54:23.06148+09:00 level=info msg="Executing migration" id="Update api_key table charset"
logger=migrator t=2023-01-03T00:54:23.061735+09:00 level=info msg="Executing migration" id="Add expires to api_key table"
logger=migrator t=2023-01-03T00:54:23.062406+09:00 level=info msg="Executing migration" id="Add service account foreign key"
logger=migrator t=2023-01-03T00:54:23.063044+09:00 level=info msg="Executing migration" id="set service account foreign key to nil if 0"
logger=migrator t=2023-01-03T00:54:23.06331+09:00 level=info msg="Executing migration" id="Add last_used_at to api_key table"
logger=migrator t=2023-01-03T00:54:23.063836+09:00 level=info msg="Executing migration" id="Add is_revoked column to api_key table"
logger=migrator t=2023-01-03T00:54:23.064374+09:00 level=info msg="Executing migration" id="create dashboard_snapshot table v4"
logger=migrator t=2023-01-03T00:54:23.065061+09:00 level=info msg="Executing migration" id="drop table dashboard_snapshot_v4 #1"
logger=migrator t=2023-01-03T00:54:23.06539+09:00 level=info msg="Executing migration" id="create dashboard_snapshot table v5 #2"
logger=migrator t=2023-01-03T00:54:23.065739+09:00 level=info msg="Executing migration" id="create index UQE_dashboard_snapshot_key - v5"
logger=migrator t=2023-01-03T00:54:23.066093+09:00 level=info msg="Executing migration" id="create index UQE_dashboard_snapshot_delete_key - v5"
logger=migrator t=2023-01-03T00:54:23.066588+09:00 level=info msg="Executing migration" id="create index IDX_dashboard_snapshot_user_id - v5"
logger=migrator t=2023-01-03T00:54:23.066939+09:00 level=info msg="Executing migration" id="alter dashboard_snapshot to mediumtext v2"
logger=migrator t=2023-01-03T00:54:23.067199+09:00 level=info msg="Executing migration" id="Update dashboard_snapshot table charset"
logger=migrator t=2023-01-03T00:54:23.067448+09:00 level=info msg="Executing migration" id="Add column external_delete_url to dashboard_snapshots table"
logger=migrator t=2023-01-03T00:54:23.06801+09:00 level=info msg="Executing migration" id="Add encrypted dashboard json column"
logger=migrator t=2023-01-03T00:54:23.068566+09:00 level=info msg="Executing migration" id="Change dashboard_encrypted column to MEDIUMBLOB"
logger=migrator t=2023-01-03T00:54:23.068908+09:00 level=info msg="Executing migration" id="create quota table v1"
logger=migrator t=2023-01-03T00:54:23.069262+09:00 level=info msg="Executing migration" id="create index UQE_quota_org_id_user_id_target - v1"
logger=migrator t=2023-01-03T00:54:23.069745+09:00 level=info msg="Executing migration" id="Update quota table charset"
logger=migrator t=2023-01-03T00:54:23.070012+09:00 level=info msg="Executing migration" id="create plugin_setting table"
logger=migrator t=2023-01-03T00:54:23.070371+09:00 level=info msg="Executing migration" id="create index UQE_plugin_setting_org_id_plugin_id - v1"
logger=migrator t=2023-01-03T00:54:23.070861+09:00 level=info msg="Executing migration" id="Add column plugin_version to plugin_settings"
logger=migrator t=2023-01-03T00:54:23.071451+09:00 level=info msg="Executing migration" id="Update plugin_setting table charset"
logger=migrator t=2023-01-03T00:54:23.07179+09:00 level=info msg="Executing migration" id="create session table"
logger=migrator t=2023-01-03T00:54:23.072234+09:00 level=info msg="Executing migration" id="Drop old table playlist table"
logger=migrator t=2023-01-03T00:54:23.072533+09:00 level=info msg="Executing migration" id="Drop old table playlist_item table"
logger=migrator t=2023-01-03T00:54:23.072845+09:00 level=info msg="Executing migration" id="create playlist table v2"
logger=migrator t=2023-01-03T00:54:23.07332+09:00 level=info msg="Executing migration" id="create playlist item table v2"
logger=migrator t=2023-01-03T00:54:23.073767+09:00 level=info msg="Executing migration" id="Update playlist table charset"
logger=migrator t=2023-01-03T00:54:23.074054+09:00 level=info msg="Executing migration" id="Update playlist_item table charset"
logger=migrator t=2023-01-03T00:54:23.074299+09:00 level=info msg="Executing migration" id="drop preferences table v2"
logger=migrator t=2023-01-03T00:54:23.07459+09:00 level=info msg="Executing migration" id="drop preferences table v3"
logger=migrator t=2023-01-03T00:54:23.074945+09:00 level=info msg="Executing migration" id="create preferences table v3"
logger=migrator t=2023-01-03T00:54:23.075315+09:00 level=info msg="Executing migration" id="Update preferences table charset"
logger=migrator t=2023-01-03T00:54:23.075574+09:00 level=info msg="Executing migration" id="Add column team_id in preferences"
logger=migrator t=2023-01-03T00:54:23.076254+09:00 level=info msg="Executing migration" id="Update team_id column values in preferences"
logger=migrator t=2023-01-03T00:54:23.076553+09:00 level=info msg="Executing migration" id="Add column week_start in preferences"
logger=migrator t=2023-01-03T00:54:23.077168+09:00 level=info msg="Executing migration" id="Add column preferences.json_data"
logger=migrator t=2023-01-03T00:54:23.07782+09:00 level=info msg="Executing migration" id="alter preferences.json_data to mediumtext v1"
logger=migrator t=2023-01-03T00:54:23.078087+09:00 level=info msg="Executing migration" id="Add preferences index org_id"
logger=migrator t=2023-01-03T00:54:23.078571+09:00 level=info msg="Executing migration" id="Add preferences index user_id"
logger=migrator t=2023-01-03T00:54:23.078998+09:00 level=info msg="Executing migration" id="create alert table v1"
logger=migrator t=2023-01-03T00:54:23.079414+09:00 level=info msg="Executing migration" id="add index alert org_id & id "
logger=migrator t=2023-01-03T00:54:23.079811+09:00 level=info msg="Executing migration" id="add index alert state"
logger=migrator t=2023-01-03T00:54:23.08018+09:00 level=info msg="Executing migration" id="add index alert dashboard_id"
logger=migrator t=2023-01-03T00:54:23.080559+09:00 level=info msg="Executing migration" id="Create alert_rule_tag table v1"
logger=migrator t=2023-01-03T00:54:23.080889+09:00 level=info msg="Executing migration" id="Add unique index alert_rule_tag.alert_id_tag_id"
logger=migrator t=2023-01-03T00:54:23.081437+09:00 level=info msg="Executing migration" id="drop index UQE_alert_rule_tag_alert_id_tag_id - v1"
logger=migrator t=2023-01-03T00:54:23.081787+09:00 level=info msg="Executing migration" id="Rename table alert_rule_tag to alert_rule_tag_v1 - v1"
logger=migrator t=2023-01-03T00:54:23.083747+09:00 level=info msg="Executing migration" id="Create alert_rule_tag table v2"
logger=migrator t=2023-01-03T00:54:23.08407+09:00 level=info msg="Executing migration" id="create index UQE_alert_rule_tag_alert_id_tag_id - Add unique index alert_rule_tag.alert_id_tag_id V2"
logger=migrator t=2023-01-03T00:54:23.084437+09:00 level=info msg="Executing migration" id="copy alert_rule_tag v1 to v2"
logger=migrator t=2023-01-03T00:54:23.084715+09:00 level=info msg="Executing migration" id="drop table alert_rule_tag_v1"
logger=migrator t=2023-01-03T00:54:23.085029+09:00 level=info msg="Executing migration" id="create alert_notification table v1"
logger=migrator t=2023-01-03T00:54:23.085375+09:00 level=info msg="Executing migration" id="Add column is_default"
logger=migrator t=2023-01-03T00:54:23.086073+09:00 level=info msg="Executing migration" id="Add column frequency"
logger=migrator t=2023-01-03T00:54:23.086876+09:00 level=info msg="Executing migration" id="Add column send_reminder"
logger=migrator t=2023-01-03T00:54:23.087559+09:00 level=info msg="Executing migration" id="Add column disable_resolve_message"
logger=migrator t=2023-01-03T00:54:23.088368+09:00 level=info msg="Executing migration" id="add index alert_notification org_id & name"
logger=migrator t=2023-01-03T00:54:23.088752+09:00 level=info msg="Executing migration" id="Update alert table charset"
logger=migrator t=2023-01-03T00:54:23.089017+09:00 level=info msg="Executing migration" id="Update alert_notification table charset"
logger=migrator t=2023-01-03T00:54:23.089305+09:00 level=info msg="Executing migration" id="create notification_journal table v1"
logger=migrator t=2023-01-03T00:54:23.089659+09:00 level=info msg="Executing migration" id="add index notification_journal org_id & alert_id & notifier_id"
logger=migrator t=2023-01-03T00:54:23.090054+09:00 level=info msg="Executing migration" id="drop alert_notification_journal"
logger=migrator t=2023-01-03T00:54:23.090399+09:00 level=info msg="Executing migration" id="create alert_notification_state table v1"
logger=migrator t=2023-01-03T00:54:23.090738+09:00 level=info msg="Executing migration" id="add index alert_notification_state org_id & alert_id & notifier_id"
logger=migrator t=2023-01-03T00:54:23.091089+09:00 level=info msg="Executing migration" id="Add for to alert table"
logger=migrator t=2023-01-03T00:54:23.091884+09:00 level=info msg="Executing migration" id="Add column uid in alert_notification"
logger=migrator t=2023-01-03T00:54:23.0926+09:00 level=info msg="Executing migration" id="Update uid column values in alert_notification"
logger=migrator t=2023-01-03T00:54:23.092881+09:00 level=info msg="Executing migration" id="Add unique index alert_notification_org_id_uid"
logger=migrator t=2023-01-03T00:54:23.093258+09:00 level=info msg="Executing migration" id="Remove unique index org_id_name"
logger=migrator t=2023-01-03T00:54:23.093607+09:00 level=info msg="Executing migration" id="Add column secure_settings in alert_notification"
logger=migrator t=2023-01-03T00:54:23.094292+09:00 level=info msg="Executing migration" id="alter alert.settings to mediumtext"
logger=migrator t=2023-01-03T00:54:23.094635+09:00 level=info msg="Executing migration" id="Add non-unique index alert_notification_state_alert_id"
logger=migrator t=2023-01-03T00:54:23.094996+09:00 level=info msg="Executing migration" id="Add non-unique index alert_rule_tag_alert_id"
logger=migrator t=2023-01-03T00:54:23.095369+09:00 level=info msg="Executing migration" id="Drop old annotation table v4"
logger=migrator t=2023-01-03T00:54:23.095648+09:00 level=info msg="Executing migration" id="create annotation table v5"
logger=migrator t=2023-01-03T00:54:23.096069+09:00 level=info msg="Executing migration" id="add index annotation 0 v3"
logger=migrator t=2023-01-03T00:54:23.096453+09:00 level=info msg="Executing migration" id="add index annotation 1 v3"
logger=migrator t=2023-01-03T00:54:23.097+09:00 level=info msg="Executing migration" id="add index annotation 2 v3"
logger=migrator t=2023-01-03T00:54:23.097379+09:00 level=info msg="Executing migration" id="add index annotation 3 v3"
logger=migrator t=2023-01-03T00:54:23.097777+09:00 level=info msg="Executing migration" id="add index annotation 4 v3"
logger=migrator t=2023-01-03T00:54:23.098374+09:00 level=info msg="Executing migration" id="Update annotation table charset"
logger=migrator t=2023-01-03T00:54:23.098722+09:00 level=info msg="Executing migration" id="Add column region_id to annotation table"
logger=migrator t=2023-01-03T00:54:23.099445+09:00 level=info msg="Executing migration" id="Drop category_id index"
logger=migrator t=2023-01-03T00:54:23.099812+09:00 level=info msg="Executing migration" id="Add column tags to annotation table"
logger=migrator t=2023-01-03T00:54:23.100674+09:00 level=info msg="Executing migration" id="Create annotation_tag table v2"
logger=migrator t=2023-01-03T00:54:23.101148+09:00 level=info msg="Executing migration" id="Add unique index annotation_tag.annotation_id_tag_id"
logger=migrator t=2023-01-03T00:54:23.101696+09:00 level=info msg="Executing migration" id="drop index UQE_annotation_tag_annotation_id_tag_id - v2"
logger=migrator t=2023-01-03T00:54:23.102096+09:00 level=info msg="Executing migration" id="Rename table annotation_tag to annotation_tag_v2 - v2"
logger=migrator t=2023-01-03T00:54:23.104438+09:00 level=info msg="Executing migration" id="Create annotation_tag table v3"
logger=migrator t=2023-01-03T00:54:23.104783+09:00 level=info msg="Executing migration" id="create index UQE_annotation_tag_annotation_id_tag_id - Add unique index annotation_tag.annotation_id_tag_id V3"
logger=migrator t=2023-01-03T00:54:23.105168+09:00 level=info msg="Executing migration" id="copy annotation_tag v2 to v3"
logger=migrator t=2023-01-03T00:54:23.10545+09:00 level=info msg="Executing migration" id="drop table annotation_tag_v2"
logger=migrator t=2023-01-03T00:54:23.105764+09:00 level=info msg="Executing migration" id="Update alert annotations and set TEXT to empty"
logger=migrator t=2023-01-03T00:54:23.106048+09:00 level=info msg="Executing migration" id="Add created time to annotation table"
logger=migrator t=2023-01-03T00:54:23.106821+09:00 level=info msg="Executing migration" id="Add updated time to annotation table"
logger=migrator t=2023-01-03T00:54:23.107587+09:00 level=info msg="Executing migration" id="Add index for created in annotation table"
logger=migrator t=2023-01-03T00:54:23.107976+09:00 level=info msg="Executing migration" id="Add index for updated in annotation table"
logger=migrator t=2023-01-03T00:54:23.108423+09:00 level=info msg="Executing migration" id="Convert existing annotations from seconds to milliseconds"
logger=migrator t=2023-01-03T00:54:23.108771+09:00 level=info msg="Executing migration" id="Add epoch_end column"
logger=migrator t=2023-01-03T00:54:23.109602+09:00 level=info msg="Executing migration" id="Add index for epoch_end"
logger=migrator t=2023-01-03T00:54:23.110076+09:00 level=info msg="Executing migration" id="Make epoch_end the same as epoch"
logger=migrator t=2023-01-03T00:54:23.110587+09:00 level=info msg="Executing migration" id="Move region to single row"
logger=migrator t=2023-01-03T00:54:23.110966+09:00 level=info msg="Executing migration" id="Remove index org_id_epoch from annotation table"
logger=migrator t=2023-01-03T00:54:23.111395+09:00 level=info msg="Executing migration" id="Remove index org_id_dashboard_id_panel_id_epoch from annotation table"
logger=migrator t=2023-01-03T00:54:23.111795+09:00 level=info msg="Executing migration" id="Add index for org_id_dashboard_id_epoch_end_epoch on annotation table"
logger=migrator t=2023-01-03T00:54:23.112637+09:00 level=info msg="Executing migration" id="Add index for org_id_epoch_end_epoch on annotation table"
logger=migrator t=2023-01-03T00:54:23.113087+09:00 level=info msg="Executing migration" id="Remove index org_id_epoch_epoch_end from annotation table"
logger=migrator t=2023-01-03T00:54:23.113486+09:00 level=info msg="Executing migration" id="Add index for alert_id on annotation table"
logger=migrator t=2023-01-03T00:54:23.113882+09:00 level=info msg="Executing migration" id="Increase tags column to length 4096"
logger=migrator t=2023-01-03T00:54:23.114159+09:00 level=info msg="Executing migration" id="create test_data table"
logger=migrator t=2023-01-03T00:54:23.114545+09:00 level=info msg="Executing migration" id="create dashboard_version table v1"
logger=migrator t=2023-01-03T00:54:23.114909+09:00 level=info msg="Executing migration" id="add index dashboard_version.dashboard_id"
logger=migrator t=2023-01-03T00:54:23.115277+09:00 level=info msg="Executing migration" id="add unique index dashboard_version.dashboard_id and dashboard_version.version"
logger=migrator t=2023-01-03T00:54:23.115639+09:00 level=info msg="Executing migration" id="Set dashboard version to 1 where 0"
logger=migrator t=2023-01-03T00:54:23.115988+09:00 level=info msg="Executing migration" id="save existing dashboard data in dashboard_version table v1"
logger=migrator t=2023-01-03T00:54:23.116379+09:00 level=info msg="Executing migration" id="alter dashboard_version.data to mediumtext v1"
logger=migrator t=2023-01-03T00:54:23.116704+09:00 level=info msg="Executing migration" id="create team table"
logger=migrator t=2023-01-03T00:54:23.117305+09:00 level=info msg="Executing migration" id="add index team.org_id"
logger=migrator t=2023-01-03T00:54:23.117738+09:00 level=info msg="Executing migration" id="add unique index team_org_id_name"
logger=migrator t=2023-01-03T00:54:23.118158+09:00 level=info msg="Executing migration" id="create team member table"
logger=migrator t=2023-01-03T00:54:23.118528+09:00 level=info msg="Executing migration" id="add index team_member.org_id"
logger=migrator t=2023-01-03T00:54:23.119045+09:00 level=info msg="Executing migration" id="add unique index team_member_org_id_team_id_user_id"
logger=migrator t=2023-01-03T00:54:23.119577+09:00 level=info msg="Executing migration" id="add index team_member.team_id"
logger=migrator t=2023-01-03T00:54:23.120084+09:00 level=info msg="Executing migration" id="Add column email to team table"
logger=migrator t=2023-01-03T00:54:23.120892+09:00 level=info msg="Executing migration" id="Add column external to team_member table"
logger=migrator t=2023-01-03T00:54:23.121689+09:00 level=info msg="Executing migration" id="Add column permission to team_member table"
logger=migrator t=2023-01-03T00:54:23.122481+09:00 level=info msg="Executing migration" id="create dashboard acl table"
logger=migrator t=2023-01-03T00:54:23.122846+09:00 level=info msg="Executing migration" id="add index dashboard_acl_dashboard_id"
logger=migrator t=2023-01-03T00:54:23.123251+09:00 level=info msg="Executing migration" id="add unique index dashboard_acl_dashboard_id_user_id"
logger=migrator t=2023-01-03T00:54:23.123665+09:00 level=info msg="Executing migration" id="add unique index dashboard_acl_dashboard_id_team_id"
logger=migrator t=2023-01-03T00:54:23.124089+09:00 level=info msg="Executing migration" id="add index dashboard_acl_user_id"
logger=migrator t=2023-01-03T00:54:23.124519+09:00 level=info msg="Executing migration" id="add index dashboard_acl_team_id"
logger=migrator t=2023-01-03T00:54:23.124925+09:00 level=info msg="Executing migration" id="add index dashboard_acl_org_id_role"
logger=migrator t=2023-01-03T00:54:23.125307+09:00 level=info msg="Executing migration" id="add index dashboard_permission"
logger=migrator t=2023-01-03T00:54:23.125881+09:00 level=info msg="Executing migration" id="save default acl rules in dashboard_acl table"
logger=migrator t=2023-01-03T00:54:23.126286+09:00 level=info msg="Executing migration" id="delete acl rules for deleted dashboards and folders"
logger=migrator t=2023-01-03T00:54:23.126575+09:00 level=info msg="Executing migration" id="create tag table"
logger=migrator t=2023-01-03T00:54:23.126955+09:00 level=info msg="Executing migration" id="add index tag.key_value"
logger=migrator t=2023-01-03T00:54:23.127379+09:00 level=info msg="Executing migration" id="create login attempt table"
logger=migrator t=2023-01-03T00:54:23.127762+09:00 level=info msg="Executing migration" id="add index login_attempt.username"
logger=migrator t=2023-01-03T00:54:23.128272+09:00 level=info msg="Executing migration" id="drop index IDX_login_attempt_username - v1"
logger=migrator t=2023-01-03T00:54:23.128656+09:00 level=info msg="Executing migration" id="Rename table login_attempt to login_attempt_tmp_qwerty - v1"
logger=migrator t=2023-01-03T00:54:23.131997+09:00 level=info msg="Executing migration" id="create login_attempt v2"
logger=migrator t=2023-01-03T00:54:23.132469+09:00 level=info msg="Executing migration" id="create index IDX_login_attempt_username - v2"
logger=migrator t=2023-01-03T00:54:23.133064+09:00 level=info msg="Executing migration" id="copy login_attempt v1 to v2"
logger=migrator t=2023-01-03T00:54:23.133487+09:00 level=info msg="Executing migration" id="drop login_attempt_tmp_qwerty"
logger=migrator t=2023-01-03T00:54:23.13397+09:00 level=info msg="Executing migration" id="create user auth table"
logger=migrator t=2023-01-03T00:54:23.13438+09:00 level=info msg="Executing migration" id="create index IDX_user_auth_auth_module_auth_id - v1"
logger=migrator t=2023-01-03T00:54:23.13481+09:00 level=info msg="Executing migration" id="alter user_auth.auth_id to length 190"
logger=migrator t=2023-01-03T00:54:23.135448+09:00 level=info msg="Executing migration" id="Add OAuth access token to user_auth"
logger=migrator t=2023-01-03T00:54:23.136469+09:00 level=info msg="Executing migration" id="Add OAuth refresh token to user_auth"
logger=migrator t=2023-01-03T00:54:23.13744+09:00 level=info msg="Executing migration" id="Add OAuth token type to user_auth"
logger=migrator t=2023-01-03T00:54:23.138457+09:00 level=info msg="Executing migration" id="Add OAuth expiry to user_auth"
logger=migrator t=2023-01-03T00:54:23.139385+09:00 level=info msg="Executing migration" id="Add index to user_id column in user_auth"
logger=migrator t=2023-01-03T00:54:23.139802+09:00 level=info msg="Executing migration" id="Add OAuth ID token to user_auth"
logger=migrator t=2023-01-03T00:54:23.140733+09:00 level=info msg="Executing migration" id="create server_lock table"
logger=migrator t=2023-01-03T00:54:23.141284+09:00 level=info msg="Executing migration" id="add index server_lock.operation_uid"
logger=migrator t=2023-01-03T00:54:23.141775+09:00 level=info msg="Executing migration" id="create user auth token table"
logger=migrator t=2023-01-03T00:54:23.142305+09:00 level=info msg="Executing migration" id="add unique index user_auth_token.auth_token"
logger=migrator t=2023-01-03T00:54:23.14316+09:00 level=info msg="Executing migration" id="add unique index user_auth_token.prev_auth_token"
logger=migrator t=2023-01-03T00:54:23.14384+09:00 level=info msg="Executing migration" id="add index user_auth_token.user_id"
logger=migrator t=2023-01-03T00:54:23.144323+09:00 level=info msg="Executing migration" id="Add revoked_at to the user auth token"
logger=migrator t=2023-01-03T00:54:23.1453+09:00 level=info msg="Executing migration" id="create cache_data table"
logger=migrator t=2023-01-03T00:54:23.145972+09:00 level=info msg="Executing migration" id="add unique index cache_data.cache_key"
logger=migrator t=2023-01-03T00:54:23.146426+09:00 level=info msg="Executing migration" id="create short_url table v1"
logger=migrator t=2023-01-03T00:54:23.146878+09:00 level=info msg="Executing migration" id="add index short_url.org_id-uid"
logger=migrator t=2023-01-03T00:54:23.147303+09:00 level=info msg="Executing migration" id="alter table short_url alter column created_by type to bigint"
logger=migrator t=2023-01-03T00:54:23.147595+09:00 level=info msg="Executing migration" id="delete alert_definition table"
logger=migrator t=2023-01-03T00:54:23.14793+09:00 level=info msg="Executing migration" id="recreate alert_definition table"
logger=migrator t=2023-01-03T00:54:23.1484+09:00 level=info msg="Executing migration" id="add index in alert_definition on org_id and title columns"
logger=migrator t=2023-01-03T00:54:23.148805+09:00 level=info msg="Executing migration" id="add index in alert_definition on org_id and uid columns"
logger=migrator t=2023-01-03T00:54:23.149233+09:00 level=info msg="Executing migration" id="alter alert_definition table data column to mediumtext in mysql"
logger=migrator t=2023-01-03T00:54:23.149678+09:00 level=info msg="Executing migration" id="drop index in alert_definition on org_id and title columns"
logger=migrator t=2023-01-03T00:54:23.150211+09:00 level=info msg="Executing migration" id="drop index in alert_definition on org_id and uid columns"
logger=migrator t=2023-01-03T00:54:23.150742+09:00 level=info msg="Executing migration" id="add unique index in alert_definition on org_id and title columns"
logger=migrator t=2023-01-03T00:54:23.151248+09:00 level=info msg="Executing migration" id="add unique index in alert_definition on org_id and uid columns"
logger=migrator t=2023-01-03T00:54:23.151889+09:00 level=info msg="Executing migration" id="Add column paused in alert_definition"
logger=migrator t=2023-01-03T00:54:23.152979+09:00 level=info msg="Executing migration" id="drop alert_definition table"
logger=migrator t=2023-01-03T00:54:23.153624+09:00 level=info msg="Executing migration" id="delete alert_definition_version table"
logger=migrator t=2023-01-03T00:54:23.154238+09:00 level=info msg="Executing migration" id="recreate alert_definition_version table"
logger=migrator t=2023-01-03T00:54:23.154682+09:00 level=info msg="Executing migration" id="add index in alert_definition_version table on alert_definition_id and version columns"
logger=migrator t=2023-01-03T00:54:23.155092+09:00 level=info msg="Executing migration" id="add index in alert_definition_version table on alert_definition_uid and version columns"
logger=migrator t=2023-01-03T00:54:23.155494+09:00 level=info msg="Executing migration" id="alter alert_definition_version table data column to mediumtext in mysql"
logger=migrator t=2023-01-03T00:54:23.155871+09:00 level=info msg="Executing migration" id="drop alert_definition_version table"
logger=migrator t=2023-01-03T00:54:23.156252+09:00 level=info msg="Executing migration" id="create alert_instance table"
logger=migrator t=2023-01-03T00:54:23.15665+09:00 level=info msg="Executing migration" id="add index in alert_instance table on def_org_id, def_uid and current_state columns"
logger=migrator t=2023-01-03T00:54:23.157047+09:00 level=info msg="Executing migration" id="add index in alert_instance table on def_org_id, current_state columns"
logger=migrator t=2023-01-03T00:54:23.15744+09:00 level=info msg="Executing migration" id="add column current_state_end to alert_instance"
logger=migrator t=2023-01-03T00:54:23.158482+09:00 level=info msg="Executing migration" id="remove index def_org_id, def_uid, current_state on alert_instance"
logger=migrator t=2023-01-03T00:54:23.158838+09:00 level=info msg="Executing migration" id="remove index def_org_id, current_state on alert_instance"
logger=migrator t=2023-01-03T00:54:23.159214+09:00 level=info msg="Executing migration" id="rename def_org_id to rule_org_id in alert_instance"
logger=migrator t=2023-01-03T00:54:23.164901+09:00 level=info msg="Executing migration" id="rename def_uid to rule_uid in alert_instance"
logger=migrator t=2023-01-03T00:54:23.170837+09:00 level=info msg="Executing migration" id="add index rule_org_id, rule_uid, current_state on alert_instance"
logger=migrator t=2023-01-03T00:54:23.171257+09:00 level=info msg="Executing migration" id="add index rule_org_id, current_state on alert_instance"
logger=migrator t=2023-01-03T00:54:23.171627+09:00 level=info msg="Executing migration" id="add current_reason column related to current_state"
logger=migrator t=2023-01-03T00:54:23.172604+09:00 level=info msg="Executing migration" id="create alert_rule table"
logger=migrator t=2023-01-03T00:54:23.173045+09:00 level=info msg="Executing migration" id="add index in alert_rule on org_id and title columns"
logger=migrator t=2023-01-03T00:54:23.173429+09:00 level=info msg="Executing migration" id="add index in alert_rule on org_id and uid columns"
logger=migrator t=2023-01-03T00:54:23.173821+09:00 level=info msg="Executing migration" id="add index in alert_rule on org_id, namespace_uid, group_uid columns"
logger=migrator t=2023-01-03T00:54:23.174222+09:00 level=info msg="Executing migration" id="alter alert_rule table data column to mediumtext in mysql"
logger=migrator t=2023-01-03T00:54:23.174494+09:00 level=info msg="Executing migration" id="add column for to alert_rule"
logger=migrator t=2023-01-03T00:54:23.17542+09:00 level=info msg="Executing migration" id="add column annotations to alert_rule"
logger=migrator t=2023-01-03T00:54:23.176337+09:00 level=info msg="Executing migration" id="add column labels to alert_rule"
logger=migrator t=2023-01-03T00:54:23.17724+09:00 level=info msg="Executing migration" id="remove unique index from alert_rule on org_id, title columns"
logger=migrator t=2023-01-03T00:54:23.177585+09:00 level=info msg="Executing migration" id="add index in alert_rule on org_id, namespase_uid and title columns"
logger=migrator t=2023-01-03T00:54:23.177975+09:00 level=info msg="Executing migration" id="add dashboard_uid column to alert_rule"
logger=migrator t=2023-01-03T00:54:23.178969+09:00 level=info msg="Executing migration" id="add panel_id column to alert_rule"
logger=migrator t=2023-01-03T00:54:23.180031+09:00 level=info msg="Executing migration" id="add index in alert_rule on org_id, dashboard_uid and panel_id columns"
logger=migrator t=2023-01-03T00:54:23.18046+09:00 level=info msg="Executing migration" id="add rule_group_idx column to alert_rule"
logger=migrator t=2023-01-03T00:54:23.181449+09:00 level=info msg="Executing migration" id="create alert_rule_version table"
logger=migrator t=2023-01-03T00:54:23.181918+09:00 level=info msg="Executing migration" id="add index in alert_rule_version table on rule_org_id, rule_uid and version columns"
logger=migrator t=2023-01-03T00:54:23.182768+09:00 level=info msg="Executing migration" id="add index in alert_rule_version table on rule_org_id, rule_namespace_uid and rule_group columns"
logger=migrator t=2023-01-03T00:54:23.183194+09:00 level=info msg="Executing migration" id="alter alert_rule_version table data column to mediumtext in mysql"
logger=migrator t=2023-01-03T00:54:23.183497+09:00 level=info msg="Executing migration" id="add column for to alert_rule_version"
logger=migrator t=2023-01-03T00:54:23.184576+09:00 level=info msg="Executing migration" id="add column annotations to alert_rule_version"
logger=migrator t=2023-01-03T00:54:23.185614+09:00 level=info msg="Executing migration" id="add column labels to alert_rule_version"
logger=migrator t=2023-01-03T00:54:23.18663+09:00 level=info msg="Executing migration" id="add rule_group_idx column to alert_rule_version"
logger=migrator t=2023-01-03T00:54:23.187639+09:00 level=info msg="Executing migration" id=create_alert_configuration_table
logger=migrator t=2023-01-03T00:54:23.18801+09:00 level=info msg="Executing migration" id="Add column default in alert_configuration"
logger=migrator t=2023-01-03T00:54:23.188969+09:00 level=info msg="Executing migration" id="alert alert_configuration alertmanager_configuration column from TEXT to MEDIUMTEXT if mysql"
logger=migrator t=2023-01-03T00:54:23.189364+09:00 level=info msg="Executing migration" id="add column org_id in alert_configuration"
logger=migrator t=2023-01-03T00:54:23.190336+09:00 level=info msg="Executing migration" id="add index in alert_configuration table on org_id column"
logger=migrator t=2023-01-03T00:54:23.19079+09:00 level=info msg="Executing migration" id="add configuration_hash column to alert_configuration"
logger=migrator t=2023-01-03T00:54:23.191745+09:00 level=info msg="Executing migration" id=create_ngalert_configuration_table
logger=migrator t=2023-01-03T00:54:23.192111+09:00 level=info msg="Executing migration" id="add index in ngalert_configuration on org_id column"
logger=migrator t=2023-01-03T00:54:23.192505+09:00 level=info msg="Executing migration" id="add column send_alerts_to in ngalert_configuration"
logger=migrator t=2023-01-03T00:54:23.193482+09:00 level=info msg="Executing migration" id="create provenance_type table"
logger=migrator t=2023-01-03T00:54:23.193852+09:00 level=info msg="Executing migration" id="add index to uniquify (record_key, record_type, org_id) columns"
logger=migrator t=2023-01-03T00:54:23.194286+09:00 level=info msg="Executing migration" id="create alert_image table"
logger=migrator t=2023-01-03T00:54:23.194645+09:00 level=info msg="Executing migration" id="add unique index on token to alert_image table"
logger=migrator t=2023-01-03T00:54:23.195055+09:00 level=info msg="Executing migration" id="support longer URLs in alert_image table"
logger=migrator t=2023-01-03T00:54:23.195418+09:00 level=info msg="Executing migration" id="clear migration entry \"remove unified alerting data\""
logger=migrator t=2023-01-03T00:54:23.195513+09:00 level=info msg="Executing migration" id="move dashboard alerts to unified alerting"
logger=migrator t=2023-01-03T00:54:23.195737+09:00 level=info msg="alerts found to migrate" alerts=0
logger=migrator t=2023-01-03T00:54:23.19614+09:00 level=info msg="Executing migration" id="create library_element table v1"
logger=migrator t=2023-01-03T00:54:23.196529+09:00 level=info msg="Executing migration" id="add index library_element org_id-folder_id-name-kind"
logger=migrator t=2023-01-03T00:54:23.197143+09:00 level=info msg="Executing migration" id="create library_element_connection table v1"
logger=migrator t=2023-01-03T00:54:23.197511+09:00 level=info msg="Executing migration" id="add index library_element_connection element_id-kind-connection_id"
logger=migrator t=2023-01-03T00:54:23.19791+09:00 level=info msg="Executing migration" id="add unique index library_element org_id_uid"
logger=migrator t=2023-01-03T00:54:23.198289+09:00 level=info msg="Executing migration" id="increase max description length to 2048"
logger=migrator t=2023-01-03T00:54:23.19855+09:00 level=info msg="Executing migration" id="clone move dashboard alerts to unified alerting"
logger=migrator t=2023-01-03T00:54:23.198939+09:00 level=info msg="Executing migration" id="create data_keys table"
logger=migrator t=2023-01-03T00:54:23.199414+09:00 level=info msg="Executing migration" id="create secrets table"
logger=migrator t=2023-01-03T00:54:23.199833+09:00 level=info msg="Executing migration" id="rename data_keys name column to id"
logger=migrator t=2023-01-03T00:54:23.207578+09:00 level=info msg="Executing migration" id="add name column into data_keys"
logger=migrator t=2023-01-03T00:54:23.208678+09:00 level=info msg="Executing migration" id="copy data_keys id column values into name"
logger=migrator t=2023-01-03T00:54:23.209003+09:00 level=info msg="Executing migration" id="rename data_keys name column to label"
logger=migrator t=2023-01-03T00:54:23.21599+09:00 level=info msg="Executing migration" id="rename data_keys id column back to name"
logger=migrator t=2023-01-03T00:54:23.223128+09:00 level=info msg="Executing migration" id="create kv_store table v1"
logger=migrator t=2023-01-03T00:54:23.223616+09:00 level=info msg="Executing migration" id="add index kv_store.org_id-namespace-key"
logger=migrator t=2023-01-03T00:54:23.224056+09:00 level=info msg="Executing migration" id="update dashboard_uid and panel_id from existing annotations"
logger=migrator t=2023-01-03T00:54:23.224409+09:00 level=info msg="Executing migration" id="create permission table"
logger=migrator t=2023-01-03T00:54:23.224803+09:00 level=info msg="Executing migration" id="add unique index permission.role_id"
logger=migrator t=2023-01-03T00:54:23.225239+09:00 level=info msg="Executing migration" id="add unique index role_id_action_scope"
logger=migrator t=2023-01-03T00:54:23.225679+09:00 level=info msg="Executing migration" id="create role table"
logger=migrator t=2023-01-03T00:54:23.22608+09:00 level=info msg="Executing migration" id="add column display_name"
logger=migrator t=2023-01-03T00:54:23.22717+09:00 level=info msg="Executing migration" id="add column group_name"
logger=migrator t=2023-01-03T00:54:23.228269+09:00 level=info msg="Executing migration" id="add index role.org_id"
logger=migrator t=2023-01-03T00:54:23.228674+09:00 level=info msg="Executing migration" id="add unique index role_org_id_name"
logger=migrator t=2023-01-03T00:54:23.229092+09:00 level=info msg="Executing migration" id="add index role_org_id_uid"
logger=migrator t=2023-01-03T00:54:23.22952+09:00 level=info msg="Executing migration" id="create team role table"
logger=migrator t=2023-01-03T00:54:23.229897+09:00 level=info msg="Executing migration" id="add index team_role.org_id"
logger=migrator t=2023-01-03T00:54:23.230313+09:00 level=info msg="Executing migration" id="add unique index team_role_org_id_team_id_role_id"
logger=migrator t=2023-01-03T00:54:23.230728+09:00 level=info msg="Executing migration" id="add index team_role.team_id"
logger=migrator t=2023-01-03T00:54:23.231129+09:00 level=info msg="Executing migration" id="create user role table"
logger=migrator t=2023-01-03T00:54:23.231495+09:00 level=info msg="Executing migration" id="add index user_role.org_id"
logger=migrator t=2023-01-03T00:54:23.231919+09:00 level=info msg="Executing migration" id="add unique index user_role_org_id_user_id_role_id"
logger=migrator t=2023-01-03T00:54:23.232336+09:00 level=info msg="Executing migration" id="add index user_role.user_id"
logger=migrator t=2023-01-03T00:54:23.232725+09:00 level=info msg="Executing migration" id="create builtin role table"
logger=migrator t=2023-01-03T00:54:23.233079+09:00 level=info msg="Executing migration" id="add index builtin_role.role_id"
logger=migrator t=2023-01-03T00:54:23.233459+09:00 level=info msg="Executing migration" id="add index builtin_role.name"
logger=migrator t=2023-01-03T00:54:23.233875+09:00 level=info msg="Executing migration" id="Add column org_id to builtin_role table"
logger=migrator t=2023-01-03T00:54:23.234983+09:00 level=info msg="Executing migration" id="add index builtin_role.org_id"
logger=migrator t=2023-01-03T00:54:23.235372+09:00 level=info msg="Executing migration" id="add unique index builtin_role_org_id_role_id_role"
logger=migrator t=2023-01-03T00:54:23.235782+09:00 level=info msg="Executing migration" id="Remove unique index role_org_id_uid"
logger=migrator t=2023-01-03T00:54:23.236151+09:00 level=info msg="Executing migration" id="add unique index role.uid"
logger=migrator t=2023-01-03T00:54:23.236516+09:00 level=info msg="Executing migration" id="create seed assignment table"
logger=migrator t=2023-01-03T00:54:23.236952+09:00 level=info msg="Executing migration" id="add unique index builtin_role_role_name"
logger=migrator t=2023-01-03T00:54:23.237427+09:00 level=info msg="Executing migration" id="add column hidden to role table"
logger=migrator t=2023-01-03T00:54:23.238563+09:00 level=info msg="Executing migration" id="create query_history table v1"
logger=migrator t=2023-01-03T00:54:23.238926+09:00 level=info msg="Executing migration" id="add index query_history.org_id-created_by-datasource_uid"
logger=migrator t=2023-01-03T00:54:23.23933+09:00 level=info msg="Executing migration" id="alter table query_history alter column created_by type to bigint"
logger=migrator t=2023-01-03T00:54:23.239628+09:00 level=info msg="Executing migration" id="teams permissions migration"
logger=migrator t=2023-01-03T00:54:23.240036+09:00 level=info msg="Executing migration" id="dashboard permissions"
logger=migrator t=2023-01-03T00:54:23.24132+09:00 level=info msg="Executing migration" id="dashboard permissions uid scopes"
logger=migrator t=2023-01-03T00:54:23.24165+09:00 level=info msg="Executing migration" id="drop managed folder create actions"
logger=migrator t=2023-01-03T00:54:23.241932+09:00 level=info msg="Executing migration" id="alerting notification permissions"
logger=migrator t=2023-01-03T00:54:23.24226+09:00 level=info msg="Executing migration" id="create query_history_star table v1"
logger=migrator t=2023-01-03T00:54:23.242619+09:00 level=info msg="Executing migration" id="add index query_history.user_id-query_uid"
logger=migrator t=2023-01-03T00:54:23.243039+09:00 level=info msg="Executing migration" id="add column org_id in query_history_star"
logger=migrator t=2023-01-03T00:54:23.244187+09:00 level=info msg="Executing migration" id="alter table query_history_star_mig column user_id type to bigint"
logger=migrator t=2023-01-03T00:54:23.244568+09:00 level=info msg="Executing migration" id="create correlation table v1"
logger=migrator t=2023-01-03T00:54:23.244957+09:00 level=info msg="Executing migration" id="add index correlations.uid"
logger=migrator t=2023-01-03T00:54:23.245362+09:00 level=info msg="Executing migration" id="add index correlations.source_uid"
logger=migrator t=2023-01-03T00:54:23.245764+09:00 level=info msg="Executing migration" id="add correlation config column"
logger=migrator t=2023-01-03T00:54:23.246944+09:00 level=info msg="Executing migration" id="create entity_events table"
logger=migrator t=2023-01-03T00:54:23.247329+09:00 level=info msg="Executing migration" id="create dashboard public config v1"
logger=migrator t=2023-01-03T00:54:23.247726+09:00 level=info msg="Executing migration" id="drop index UQE_dashboard_public_config_uid - v1"
logger=migrator t=2023-01-03T00:54:23.247785+09:00 level=warn msg="Skipping migration: Already executed, but not recorded in migration log" id="drop index UQE_dashboard_public_config_uid - v1"
logger=migrator t=2023-01-03T00:54:23.248029+09:00 level=info msg="Executing migration" id="drop index IDX_dashboard_public_config_org_id_dashboard_uid - v1"
logger=migrator t=2023-01-03T00:54:23.248086+09:00 level=warn msg="Skipping migration: Already executed, but not recorded in migration log" id="drop index IDX_dashboard_public_config_org_id_dashboard_uid - v1"
logger=migrator t=2023-01-03T00:54:23.248338+09:00 level=info msg="Executing migration" id="Drop old dashboard public config table"
logger=migrator t=2023-01-03T00:54:23.248697+09:00 level=info msg="Executing migration" id="recreate dashboard public config v1"
logger=migrator t=2023-01-03T00:54:23.249068+09:00 level=info msg="Executing migration" id="create index UQE_dashboard_public_config_uid - v1"
logger=migrator t=2023-01-03T00:54:23.249488+09:00 level=info msg="Executing migration" id="create index IDX_dashboard_public_config_org_id_dashboard_uid - v1"
logger=migrator t=2023-01-03T00:54:23.249884+09:00 level=info msg="Executing migration" id="drop index UQE_dashboard_public_config_uid - v2"
logger=migrator t=2023-01-03T00:54:23.250242+09:00 level=info msg="Executing migration" id="drop index IDX_dashboard_public_config_org_id_dashboard_uid - v2"
logger=migrator t=2023-01-03T00:54:23.250602+09:00 level=info msg="Executing migration" id="Drop public config table"
logger=migrator t=2023-01-03T00:54:23.250966+09:00 level=info msg="Executing migration" id="Recreate dashboard public config v2"
logger=migrator t=2023-01-03T00:54:23.251371+09:00 level=info msg="Executing migration" id="create index UQE_dashboard_public_config_uid - v2"
logger=migrator t=2023-01-03T00:54:23.251796+09:00 level=info msg="Executing migration" id="create index IDX_dashboard_public_config_org_id_dashboard_uid - v2"
logger=migrator t=2023-01-03T00:54:23.252207+09:00 level=info msg="Executing migration" id="create index UQE_dashboard_public_config_access_token - v2"
logger=migrator t=2023-01-03T00:54:23.252641+09:00 level=info msg="Executing migration" id="Rename table dashboard_public_config to dashboard_public - v2"
logger=migrator t=2023-01-03T00:54:23.257454+09:00 level=info msg="Executing migration" id="add annotations_enabled column"
logger=migrator t=2023-01-03T00:54:23.258716+09:00 level=info msg="Executing migration" id="create default alerting folders"
logger=migrator t=2023-01-03T00:54:23.259266+09:00 level=info msg="Executing migration" id="create file table"
logger=migrator t=2023-01-03T00:54:23.259768+09:00 level=info msg="Executing migration" id="file table idx: path natural pk"
logger=migrator t=2023-01-03T00:54:23.260174+09:00 level=info msg="Executing migration" id="file table idx: parent_folder_path_hash fast folder retrieval"
logger=migrator t=2023-01-03T00:54:23.260586+09:00 level=info msg="Executing migration" id="create file_meta table"
logger=migrator t=2023-01-03T00:54:23.260957+09:00 level=info msg="Executing migration" id="file table idx: path key"
logger=migrator t=2023-01-03T00:54:23.261396+09:00 level=info msg="Executing migration" id="set path collation in file table"
logger=migrator t=2023-01-03T00:54:23.261655+09:00 level=info msg="Executing migration" id="managed permissions migration"
logger=migrator t=2023-01-03T00:54:23.261974+09:00 level=info msg="Executing migration" id="managed folder permissions alert actions migration"
logger=migrator t=2023-01-03T00:54:23.262259+09:00 level=info msg="Executing migration" id="RBAC action name migrator"
logger=migrator t=2023-01-03T00:54:23.263088+09:00 level=info msg="Executing migration" id="Add UID column to playlist"
logger=migrator t=2023-01-03T00:54:23.264301+09:00 level=info msg="Executing migration" id="Update uid column values in playlist"
logger=migrator t=2023-01-03T00:54:23.264582+09:00 level=info msg="Executing migration" id="Add index for uid in playlist"
logger=migrator t=2023-01-03T00:54:23.265046+09:00 level=info msg="Executing migration" id="update group index for alert rules"
logger=migrator t=2023-01-03T00:54:23.265383+09:00 level=info msg="Executing migration" id="managed folder permissions alert actions repeated migration"
logger=migrator t=2023-01-03T00:54:23.265658+09:00 level=info msg="Executing migration" id="admin only folder/dashboard permission"
logger=migrator t=2023-01-03T00:54:23.266003+09:00 level=info msg="Executing migration" id="add action column to seed_assignment"
logger=migrator t=2023-01-03T00:54:23.267194+09:00 level=info msg="Executing migration" id="add scope column to seed_assignment"
logger=migrator t=2023-01-03T00:54:23.268375+09:00 level=info msg="Executing migration" id="remove unique index builtin_role_role_name before nullable update"
logger=migrator t=2023-01-03T00:54:23.268764+09:00 level=info msg="Executing migration" id="update seed_assignment role_name column to nullable"
logger=migrator t=2023-01-03T00:54:23.284861+09:00 level=info msg="Executing migration" id="add unique index builtin_role_name back"
logger=migrator t=2023-01-03T00:54:23.285287+09:00 level=info msg="Executing migration" id="add unique index builtin_role_action_scope"
logger=migrator t=2023-01-03T00:54:23.285723+09:00 level=info msg="Executing migration" id="add primary key to seed_assigment"
logger=migrator t=2023-01-03T00:54:23.291077+09:00 level=info msg="Executing migration" id="managed folder permissions alert actions repeated fixed migration"
logger=migrator t=2023-01-03T00:54:23.291419+09:00 level=info msg="Executing migration" id="migrate external alertmanagers to datsourcse"
logger=migrator t=2023-01-03T00:54:23.291758+09:00 level=info msg="Executing migration" id="create data_source_usage_by_day table"
logger=migrator t=2023-01-03T00:54:23.29214+09:00 level=info msg="Executing migration" id="create data_source_usage_by_day(data_source_id) index"
logger=migrator t=2023-01-03T00:54:23.292609+09:00 level=info msg="Executing migration" id="create data_source_usage_by_day(data_source_id, day) unique index"
logger=migrator t=2023-01-03T00:54:23.29308+09:00 level=info msg="Executing migration" id="create dashboard_usage_by_day table"
logger=migrator t=2023-01-03T00:54:23.293539+09:00 level=info msg="Executing migration" id="create dashboard_usage_sums table"
logger=migrator t=2023-01-03T00:54:23.293983+09:00 level=info msg="Executing migration" id="create dashboard_usage_by_day(dashboard_id) index"
logger=migrator t=2023-01-03T00:54:23.294449+09:00 level=info msg="Executing migration" id="create dashboard_usage_by_day(dashboard_id, day) index"
logger=migrator t=2023-01-03T00:54:23.294936+09:00 level=info msg="Executing migration" id="add column errors_last_1_days to dashboard_usage_sums"
logger=migrator t=2023-01-03T00:54:23.296221+09:00 level=info msg="Executing migration" id="add column errors_last_7_days to dashboard_usage_sums"
logger=migrator t=2023-01-03T00:54:23.297475+09:00 level=info msg="Executing migration" id="add column errors_last_30_days to dashboard_usage_sums"
logger=migrator t=2023-01-03T00:54:23.298688+09:00 level=info msg="Executing migration" id="add column errors_total to dashboard_usage_sums"
logger=migrator t=2023-01-03T00:54:23.299936+09:00 level=info msg="Executing migration" id="create dashboard_public_usage_by_day table"
logger=migrator t=2023-01-03T00:54:23.300323+09:00 level=info msg="Executing migration" id="add column cached_queries to dashboard_usage_by_day table"
logger=migrator t=2023-01-03T00:54:23.30157+09:00 level=info msg="Executing migration" id="add column cached_queries to dashboard_public_usage_by_day table"
logger=migrator t=2023-01-03T00:54:23.302817+09:00 level=info msg="Executing migration" id="create user_dashboard_views table"
logger=migrator t=2023-01-03T00:54:23.303202+09:00 level=info msg="Executing migration" id="add index user_dashboard_views.user_id"
logger=migrator t=2023-01-03T00:54:23.303657+09:00 level=info msg="Executing migration" id="add index user_dashboard_views.dashboard_id"
logger=migrator t=2023-01-03T00:54:23.304064+09:00 level=info msg="Executing migration" id="add unique index user_dashboard_views_user_id_dashboard_id"
logger=migrator t=2023-01-03T00:54:23.304492+09:00 level=info msg="Executing migration" id="create user_stats table"
logger=migrator t=2023-01-03T00:54:23.304906+09:00 level=info msg="Executing migration" id="add unique index user_stats(user_id)"
logger=migrator t=2023-01-03T00:54:23.305312+09:00 level=info msg="Executing migration" id="create data_source_cache table"
logger=migrator t=2023-01-03T00:54:23.305677+09:00 level=info msg="Executing migration" id="add index data_source_cache.data_source_id"
logger=migrator t=2023-01-03T00:54:23.306065+09:00 level=info msg="Executing migration" id="add use_default_ttl column"
logger=migrator t=2023-01-03T00:54:23.307325+09:00 level=info msg="Executing migration" id="add data_source_cache.data_source_uid column"
logger=migrator t=2023-01-03T00:54:23.308607+09:00 level=info msg="Executing migration" id="remove abandoned data_source_cache records"
logger=migrator t=2023-01-03T00:54:23.308903+09:00 level=info msg="Executing migration" id="update data_source_cache.data_source_uid value"
logger=migrator t=2023-01-03T00:54:23.309179+09:00 level=info msg="Executing migration" id="add index data_source_cache.data_source_uid"
logger=migrator t=2023-01-03T00:54:23.309585+09:00 level=info msg="Executing migration" id="add data_source_cache.ttl_resources_ms column"
logger=migrator t=2023-01-03T00:54:23.310866+09:00 level=info msg="Executing migration" id="update data_source_cache.ttl_resources_ms to have the same value as ttl_ms"
logger=migrator t=2023-01-03T00:54:23.311162+09:00 level=info msg="Executing migration" id="create data_source_acl table"
logger=migrator t=2023-01-03T00:54:23.312147+09:00 level=info msg="Executing migration" id="add index data_source_acl.data_source_id"
logger=migrator t=2023-01-03T00:54:23.312627+09:00 level=info msg="Executing migration" id="add unique index datasource_acl.unique"
logger=migrator t=2023-01-03T00:54:23.313062+09:00 level=info msg="Executing migration" id="create license_token table"
logger=migrator t=2023-01-03T00:54:23.313461+09:00 level=info msg="Executing migration" id="drop recorded_queries table v14"
logger=migrator t=2023-01-03T00:54:23.31375+09:00 level=info msg="Executing migration" id="drop recording_rules table v14"
logger=migrator t=2023-01-03T00:54:23.314042+09:00 level=info msg="Executing migration" id="create recording_rules table v14"
logger=migrator t=2023-01-03T00:54:23.31454+09:00 level=info msg="Executing migration" id="create remote_write_targets table v1"
logger=migrator t=2023-01-03T00:54:23.314938+09:00 level=info msg="Executing migration" id="Add prom_name to recording_rules table"
logger=migrator t=2023-01-03T00:54:23.316303+09:00 level=info msg="Executing migration" id="ensure remote_write_targets table"
logger=migrator t=2023-01-03T00:54:23.316623+09:00 level=info msg="Executing migration" id="create report config table v1"
logger=migrator t=2023-01-03T00:54:23.317048+09:00 level=info msg="Executing migration" id="Add index report.user_id"
logger=migrator t=2023-01-03T00:54:23.317456+09:00 level=info msg="Executing migration" id="add index to dashboard_id"
logger=migrator t=2023-01-03T00:54:23.317859+09:00 level=info msg="Executing migration" id="add index to org_id"
logger=migrator t=2023-01-03T00:54:23.318261+09:00 level=info msg="Executing migration" id="Add timezone to the report"
logger=migrator t=2023-01-03T00:54:23.319639+09:00 level=info msg="Executing migration" id="Add time_from to the report"
logger=migrator t=2023-01-03T00:54:23.321033+09:00 level=info msg="Executing migration" id="Add time_to to the report"
logger=migrator t=2023-01-03T00:54:23.322415+09:00 level=info msg="Executing migration" id="Add PDF landscape option to the report"
logger=migrator t=2023-01-03T00:54:23.323801+09:00 level=info msg="Executing migration" id="Add monthly day scheduling option to the report"
logger=migrator t=2023-01-03T00:54:23.325277+09:00 level=info msg="Executing migration" id="Add PDF layout option to the report"
logger=migrator t=2023-01-03T00:54:23.326837+09:00 level=info msg="Executing migration" id="Add PDF orientation option to the report"
logger=migrator t=2023-01-03T00:54:23.328287+09:00 level=info msg="Executing migration" id="Update report pdf_orientation from pdf_landscape"
logger=migrator t=2023-01-03T00:54:23.32861+09:00 level=info msg="Executing migration" id="create report settings table"
logger=migrator t=2023-01-03T00:54:23.329033+09:00 level=info msg="Executing migration" id="Add dashboard_uid field to the report"
logger=migrator t=2023-01-03T00:54:23.330455+09:00 level=info msg="Executing migration" id="Add template_vars field to the report"
logger=migrator t=2023-01-03T00:54:23.33311+09:00 level=info msg="Executing migration" id="Add option to include dashboard url in the report"
logger=migrator t=2023-01-03T00:54:23.334795+09:00 level=info msg="Executing migration" id="Add state field to the report"
logger=migrator t=2023-01-03T00:54:23.336329+09:00 level=info msg="Executing migration" id="Add option to add CSV files to the report"
logger=migrator t=2023-01-03T00:54:23.337682+09:00 level=info msg="Executing migration" id="Add scheduling start date"
logger=migrator t=2023-01-03T00:54:23.339185+09:00 level=info msg="Executing migration" id="Add missing schedule_start date for old reports"
logger=migrator t=2023-01-03T00:54:23.339645+09:00 level=info msg="Executing migration" id="Add scheduling end date"
logger=migrator t=2023-01-03T00:54:23.341069+09:00 level=info msg="Executing migration" id="Add schedulinng custom interval frequency"
logger=migrator t=2023-01-03T00:54:23.342505+09:00 level=info msg="Executing migration" id="Add scheduling custom interval amount"
logger=migrator t=2023-01-03T00:54:23.343856+09:00 level=info msg="Executing migration" id="Add workdays only flag to report"
logger=migrator t=2023-01-03T00:54:23.345216+09:00 level=info msg="Executing migration" id="create report dashboards table"
logger=migrator t=2023-01-03T00:54:23.345664+09:00 level=info msg="Executing migration" id="Add index report_dashboards.report_id"
logger=migrator t=2023-01-03T00:54:23.346103+09:00 level=info msg="Executing migration" id="Migrate report fields into report_dashboards"
logger=migrator t=2023-01-03T00:54:23.346407+09:00 level=info msg="Executing migration" id="Add formats option to the report"
logger=migrator t=2023-01-03T00:54:23.347813+09:00 level=info msg="Executing migration" id="Migrate reports with csv enabled"
logger=migrator t=2023-01-03T00:54:23.348099+09:00 level=info msg="Executing migration" id="Migrate ancient reports"
logger=migrator t=2023-01-03T00:54:23.348405+09:00 level=info msg="Executing migration" id="Add created column in report_dashboards"
logger=migrator t=2023-01-03T00:54:23.34974+09:00 level=info msg="Executing migration" id="Add scale_factor to the report"
logger=migrator t=2023-01-03T00:54:23.35111+09:00 level=info msg="Executing migration" id="create team group table"
logger=migrator t=2023-01-03T00:54:23.351493+09:00 level=info msg="Executing migration" id="add index team_group.org_id"
logger=migrator t=2023-01-03T00:54:23.351916+09:00 level=info msg="Executing migration" id="add unique index team_group.org_id_team_id_group_id"
logger=migrator t=2023-01-03T00:54:23.352328+09:00 level=info msg="Executing migration" id="add index team_group.group_id"
logger=migrator t=2023-01-03T00:54:23.352729+09:00 level=info msg="Executing migration" id="create settings table"
logger=migrator t=2023-01-03T00:54:23.353088+09:00 level=info msg="Executing migration" id="add unique index settings.section_key"
logger=migrator t=2023-01-03T00:54:23.353525+09:00 level=info msg="Executing migration" id="migrate role names"
logger=migrator t=2023-01-03T00:54:23.354895+09:00 level=info msg="Executing migration" id="rename orgs roles"
logger=migrator t=2023-01-03T00:54:23.355293+09:00 level=info msg="Executing migration" id="remove duplicated org role"
logger=migrator t=2023-01-03T00:54:23.35561+09:00 level=info msg="Executing migration" id="migrate alerting role names"
logger=migrator t=2023-01-03T00:54:23.356123+09:00 level=info msg="Executing migration" id="data source permissions"
logger=migrator t=2023-01-03T00:54:23.356477+09:00 level=info msg="Executing migration" id="data source uid permissions"
logger=migrator t=2023-01-03T00:54:23.356757+09:00 level=info msg="Executing migration" id="rename permissions:delegate scope"
logger=migrator t=2023-01-03T00:54:23.357027+09:00 level=info msg="Executing migration" id="builtin role migration"
logger="builtin-role migrator" t=2023-01-03T00:54:23.35745+09:00 level=info msg="no permission to create"
logger=migrator t=2023-01-03T00:54:23.357855+09:00 level=info msg="Executing migration" id="seed permissions migration"
logger=migrator t=2023-01-03T00:54:23.358157+09:00 level=info msg="Executing migration" id="managed permissions migration enterprise"
logger=migrator t=2023-01-03T00:54:23.358504+09:00 level=info msg="migrations completed" performed=555 skipped=0 duration=355.915917ms
logger=sqlstore t=2023-01-03T00:54:23.370421+09:00 level=info msg="Created default admin" user=admin
logger=sqlstore t=2023-01-03T00:54:23.370524+09:00 level=info msg="Created default organization"
logger=licensing t=2023-01-03T00:54:23.371332+09:00 level=info msg="Validated license token" appURL=http://localhost:3000/ source=disk status=NotFound
logger=plugin.loader t=2023-01-03T00:54:23.448332+09:00 level=info msg="Plugin registered" pluginID=input
logger=plugin.finder t=2023-01-03T00:54:23.448394+09:00 level=warn msg="Skipping finding plugins as directory does not exist" path=/Users/jinheekim/Desktop/SpringCloud/grafana-9.3.2/data/plugins
logger=secrets t=2023-01-03T00:54:23.448705+09:00 level=info msg="Envelope encryption state" enabled=true currentprovider=secretKey.v1
logger=query_data t=2023-01-03T00:54:23.453544+09:00 level=info msg="Query Service initialization"
logger=live.push_http t=2023-01-03T00:54:23.458328+09:00 level=info msg="Live Push Gateway initialization"
logger=infra.usagestats.collector t=2023-01-03T00:54:23.59685+09:00 level=info msg="registering usage stat providers" usageStatsProvidersLen=2
logger=provisioning.alerting t=2023-01-03T00:54:23.598105+09:00 level=info msg="starting to provision alerting"
logger=provisioning.alerting t=2023-01-03T00:54:23.598126+09:00 level=info msg="finished to provision alerting"
logger=ngalert.state.manager t=2023-01-03T00:54:23.598775+09:00 level=info msg="Warming state cache for startup"
logger=grafanaStorageLogger t=2023-01-03T00:54:23.598563+09:00 level=info msg="storage starting"
logger=report t=2023-01-03T00:54:23.604623+09:00 level=warn msg="Scheduling and sending of reports disabled, SMTP is not configured and enabled. Configure SMTP to enable."
logger=ngalert.state.manager t=2023-01-03T00:54:23.60537+09:00 level=info msg="State cache has been initialized" states=0 duration=6.594375ms
logger=ngalert.multiorg.alertmanager t=2023-01-03T00:54:23.605572+09:00 level=info msg="starting MultiOrg Alertmanager"
logger=http.server t=2023-01-03T00:54:23.607164+09:00 level=info msg="HTTP Server Listen" address=[::]:3000 protocol=http subUrl= socket=
logger=ticker t=2023-01-03T00:54:23.607412+09:00 level=info msg=starting first_tick=2023-01-03T00:54:30+09:00
logger=sqlstore.transactions t=2023-01-03T00:54:23.614876+09:00 level=info msg="Database locked, sleeping then retrying" error="database is locked" retry=0 code="database is locked"
logger=server t=2023-01-03T00:55:49.970657+09:00 level=info msg="Shutdown started" reason="System signal: interrupt"
logger=ticker t=2023-01-03T00:55:49.974044+09:00 level=info msg=stopped last_tick=2023-01-03T00:55:40+09:00
logger=tracing t=2023-01-03T00:55:49.974519+09:00 level=info msg="Closing tracing"
logger=sqlstore.transactions t=2023-01-03T00:55:49.990754+09:00 level=info msg="Database locked, sleeping then retrying" error="database is locked" retry=0 code="database is locked"
logger=settings t=2023-01-03T00:55:52.03872+09:00 level=info msg="Starting Grafana" version=9.3.2 commit=21c1d14e91 branch=HEAD compiled=2022-12-14T19:40:18+09:00
logger=settings t=2023-01-03T00:55:52.039146+09:00 level=info msg="Config loaded from" file=/Users/jinheekim/Desktop/SpringCloud/grafana-9.3.2/conf/defaults.ini
logger=settings t=2023-01-03T00:55:52.039166+09:00 level=info msg="Path Home" path=/Users/jinheekim/Desktop/SpringCloud/grafana-9.3.2
logger=settings t=2023-01-03T00:55:52.039179+09:00 level=info msg="Path Data" path=/Users/jinheekim/Desktop/SpringCloud/grafana-9.3.2/data
logger=settings t=2023-01-03T00:55:52.039369+09:00 level=info msg="Path Logs" path=/Users/jinheekim/Desktop/SpringCloud/grafana-9.3.2/data/log
logger=settings t=2023-01-03T00:55:52.039395+09:00 level=info msg="Path Plugins" path=/Users/jinheekim/Desktop/SpringCloud/grafana-9.3.2/data/plugins
logger=settings t=2023-01-03T00:55:52.039407+09:00 level=info msg="Path Provisioning" path=/Users/jinheekim/Desktop/SpringCloud/grafana-9.3.2/conf/provisioning
logger=settings t=2023-01-03T00:55:52.039417+09:00 level=info msg="App mode production"
logger=sqlstore t=2023-01-03T00:55:52.039483+09:00 level=info msg="Connecting to DB" dbtype=sqlite3
logger=migrator t=2023-01-03T00:55:52.055289+09:00 level=info msg="Starting DB migrations"
logger=migrator t=2023-01-03T00:55:52.058938+09:00 level=info msg="migrations completed" performed=0 skipped=551 duration=349.708s
logger=licensing t=2023-01-03T00:55:52.060066+09:00 level=info msg="Validated license token" appURL=http://localhost:3000/ source=disk status=NotFound
logger=plugin.loader t=2023-01-03T00:55:52.121342+09:00 level=info msg="Plugin registered" pluginID=input
logger=plugin.finder t=2023-01-03T00:55:52.121475+09:00 level=warn msg="Skipping finding plugins as directory does not exist" path=/Users/jinheekim/Desktop/SpringCloud/grafana-9.3.2/data/plugins
logger=secrets t=2023-01-03T00:55:52.121715+09:00 level=info msg="Envelope encryption state" enabled=true currentprovider=secretKey.v1
logger=query_data t=2023-01-03T00:55:52.126422+09:00 level=info msg="Query Service initialization"
logger=live.push_http t=2023-01-03T00:55:52.131559+09:00 level=info msg="Live Push Gateway initialization"
logger=infra.usagestats.collector t=2023-01-03T00:55:52.270792+09:00 level=info msg="registering usage stat providers" usageStatsProvidersLen=2
logger=provisioning.alerting t=2023-01-03T00:55:52.271518+09:00 level=info msg="starting to provision alerting"
logger=provisioning.alerting t=2023-01-03T00:55:52.27154+09:00 level=info msg="finished to provision alerting"
logger=ngalert.state.manager t=2023-01-03T00:55:52.272766+09:00 level=info msg="Warming state cache for startup"
logger=grafanaStorageLogger t=2023-01-03T00:55:52.272716+09:00 level=info msg="storage starting"
logger=report t=2023-01-03T00:55:52.281136+09:00 level=warn msg="Scheduling and sending of reports disabled, SMTP is not configured and enabled. Configure SMTP to enable."
logger=ngalert.state.manager t=2023-01-03T00:55:52.282418+09:00 level=info msg="State cache has been initialized" states=0 duration=9.650667ms
logger=http.server t=2023-01-03T00:55:52.282918+09:00 level=info msg="HTTP Server Listen" address=[::]:3000 protocol=http subUrl= socket=
logger=ngalert.multiorg.alertmanager t=2023-01-03T00:55:52.283266+09:00 level=info msg="starting MultiOrg Alertmanager"
logger=ticker t=2023-01-03T00:55:52.283538+09:00 level=info msg=starting first_tick=2023-01-03T00:56:00+09:00
logger=context userId=0 orgId=0 uname= t=2023-01-03T00:56:25.687176+09:00 level=info msg="Request Completed" method=GET path=/ status=302 remote_addr=127.0.0.1 time_ms=5 duration=5.401459ms size=29 referer= handler=/
logger=http.server t=2023-01-03T00:56:33.782881+09:00 level=info msg="Successful Login" User=admin@localhost
logger=context userId=1 orgId=1 uname=admin t=2023-01-03T00:56:45.312275+09:00 level=info msg="Request Completed" method=GET path=/api/live/ws status=-1 remote_addr=127.0.0.1 time_ms=3 duration=3.061792ms size=0 referer= handler=/api/live/ws
logger=context userId=1 orgId=1 uname=admin t=2023-01-03T01:03:49.31589+09:00 level=error msg="Dashboard not found" error="Dashboard not found" remote_addr=127.0.0.1 traceID=
logger=context userId=1 orgId=1 uname=admin t=2023-01-03T01:03:49.316276+09:00 level=info msg="Request Completed" method=GET path=/api/dashboards/uid/undefined status=404 remote_addr=127.0.0.1 time_ms=3 duration=3.886917ms size=46 referer=http://127.0.0.1:3000/dashboard/import handler=/api/dashboards/uid/:uid
logger=context userId=1 orgId=1 uname=admin t=2023-01-03T01:03:49.324834+09:00 level=error msg="Dashboard not found" error="Dashboard not found" remote_addr=127.0.0.1 traceID=
logger=context userId=1 orgId=1 uname=admin t=2023-01-03T01:03:49.325007+09:00 level=info msg="Request Completed" method=GET path=/api/dashboards/uid/undefined status=404 remote_addr=127.0.0.1 time_ms=4 duration=4.3675ms size=46 referer=http://127.0.0.1:3000/dashboard/import handler=/api/dashboards/uid/:uid
logger=context userId=1 orgId=1 uname=admin t=2023-01-03T01:03:54.729925+09:00 level=error msg="Dashboard not found" error="Dashboard not found" remote_addr=127.0.0.1 traceID=
logger=context userId=1 orgId=1 uname=admin t=2023-01-03T01:03:54.730138+09:00 level=info msg="Request Completed" method=GET path=/api/dashboards/uid/undefined status=404 remote_addr=127.0.0.1 time_ms=1 duration=1.145542ms size=46 referer=http://127.0.0.1:3000/dashboard/import handler=/api/dashboards/uid/:uid
logger=context userId=1 orgId=1 uname=admin t=2023-01-03T01:03:54.731512+09:00 level=error msg="Dashboard not found" error="Dashboard not found" remote_addr=127.0.0.1 traceID=
logger=context userId=1 orgId=1 uname=admin t=2023-01-03T01:03:54.731638+09:00 level=info msg="Request Completed" method=GET path=/api/dashboards/uid/undefined status=404 remote_addr=127.0.0.1 time_ms=0 duration=804.333s size=46 referer=http://127.0.0.1:3000/dashboard/import handler=/api/dashboards/uid/:uid
logger=context userId=1 orgId=1 uname=admin t=2023-01-03T01:03:59.845334+09:00 level=error msg="Dashboard not found" error="Dashboard not found" remote_addr=127.0.0.1 traceID=
logger=context userId=1 orgId=1 uname=admin t=2023-01-03T01:03:59.845744+09:00 level=info msg="Request Completed" method=GET path=/api/dashboards/uid/undefined status=404 remote_addr=127.0.0.1 time_ms=1 duration=1.455416ms size=46 referer=http://127.0.0.1:3000/dashboard/import handler=/api/dashboards/uid/:uid
logger=live t=2023-01-03T01:03:59.991034+09:00 level=info msg="Initialized channel handler" channel=grafana/dashboard/uid/FHEuFrtVz address=grafana/dashboard/uid/FHEuFrtVz
logger=context userId=1 orgId=1 uname=admin t=2023-01-03T01:05:03.518591+09:00 level=error msg="Dashboard not found" error="Dashboard not found" remote_addr=127.0.0.1 traceID=
logger=context userId=1 orgId=1 uname=admin t=2023-01-03T01:05:03.519036+09:00 level=info msg="Request Completed" method=GET path=/api/dashboards/uid/undefined status=404 remote_addr=127.0.0.1 time_ms=1 duration=1.197583ms size=46 referer=http://127.0.0.1:3000/dashboard/import handler=/api/dashboards/uid/:uid
logger=context userId=1 orgId=1 uname=admin t=2023-01-03T01:05:03.529997+09:00 level=error msg="Dashboard not found" error="Dashboard not found" remote_addr=127.0.0.1 traceID=
logger=context userId=1 orgId=1 uname=admin t=2023-01-03T01:05:03.530161+09:00 level=info msg="Request Completed" method=GET path=/api/dashboards/uid/undefined status=404 remote_addr=127.0.0.1 time_ms=3 duration=3.7715ms size=46 referer=http://127.0.0.1:3000/dashboard/import handler=/api/dashboards/uid/:uid
logger=context userId=1 orgId=1 uname=admin t=2023-01-03T01:05:04.351862+09:00 level=error msg="Dashboard not found" error="Dashboard not found" remote_addr=127.0.0.1 traceID=
logger=context userId=1 orgId=1 uname=admin t=2023-01-03T01:05:04.352036+09:00 level=info msg="Request Completed" method=GET path=/api/dashboards/uid/undefined status=404 remote_addr=127.0.0.1 time_ms=1 duration=1.417875ms size=46 referer=http://127.0.0.1:3000/dashboard/import handler=/api/dashboards/uid/:uid
logger=context userId=1 orgId=1 uname=admin t=2023-01-03T01:05:10.284898+09:00 level=error msg="Dashboard not found" error="Dashboard not found" remote_addr=127.0.0.1 traceID=
logger=context userId=1 orgId=1 uname=admin t=2023-01-03T01:05:10.285094+09:00 level=info msg="Request Completed" method=GET path=/api/dashboards/uid/undefined status=404 remote_addr=127.0.0.1 time_ms=1 duration=1.05325ms size=46 referer=http://127.0.0.1:3000/dashboard/import handler=/api/dashboards/uid/:uid
logger=live t=2023-01-03T01:05:10.37989+09:00 level=info msg="Initialized channel handler" channel=grafana/dashboard/uid/XRXjF9pVk address=grafana/dashboard/uid/XRXjF9pVk
logger=cleanup t=2023-01-03T01:05:52.348233+09:00 level=info msg="Completed cleanup jobs" duration=28.320792ms
logger=context userId=1 orgId=1 uname=admin t=2023-01-03T01:06:01.317114+09:00 level=error msg="Dashboard not found" error="Dashboard not found" remote_addr=127.0.0.1 traceID=
logger=context userId=1 orgId=1 uname=admin t=2023-01-03T01:06:01.317257+09:00 level=info msg="Request Completed" method=GET path=/api/dashboards/uid/7voUGKrik status=404 remote_addr=127.0.0.1 time_ms=0 duration=709.958s size=46 referer=http://127.0.0.1:3000/dashboard/import handler=/api/dashboards/uid/:uid
logger=context userId=1 orgId=1 uname=admin t=2023-01-03T01:06:01.328823+09:00 level=error msg="Dashboard not found" error="Dashboard not found" remote_addr=127.0.0.1 traceID=
logger=context userId=1 orgId=1 uname=admin t=2023-01-03T01:06:01.328998+09:00 level=info msg="Request Completed" method=GET path=/api/dashboards/uid/7voUGKrik status=404 remote_addr=127.0.0.1 time_ms=5 duration=5.688375ms size=46 referer=http://127.0.0.1:3000/dashboard/import handler=/api/dashboards/uid/:uid
logger=context userId=1 orgId=1 uname=admin t=2023-01-03T01:06:07.392344+09:00 level=error msg="Dashboard not found" error="Dashboard not found" remote_addr=127.0.0.1 traceID=
logger=context userId=1 orgId=1 uname=admin t=2023-01-03T01:06:07.392536+09:00 level=info msg="Request Completed" method=GET path=/api/dashboards/uid/7voUGKrik status=404 remote_addr=127.0.0.1 time_ms=1 duration=1.106583ms size=46 referer=http://127.0.0.1:3000/dashboard/import handler=/api/dashboards/uid/:uid
logger=live t=2023-01-03T01:06:07.483761+09:00 level=info msg="Initialized channel handler" channel=grafana/dashboard/uid/7voUGKrik address=grafana/dashboard/uid/7voUGKrik
logger=cleanup t=2023-01-03T01:15:52.318628+09:00 level=info msg="Completed cleanup jobs" duration=13.530417ms
logger=cleanup t=2023-01-03T01:25:52.3046+09:00 level=info msg="Completed cleanup jobs" duration=11.458833ms
logger=cleanup t=2023-01-03T01:35:52.290671+09:00 level=info msg="Completed cleanup jobs" duration=10.6175ms
logger=cleanup t=2023-01-03T01:45:52.275639+09:00 level=info msg="Completed cleanup jobs" duration=5.478708ms
logger=cleanup t=2023-01-03T01:55:52.263723+09:00 level=info msg="Completed cleanup jobs" duration=7.159333ms
logger=licensing t=2023-01-03T01:55:52.26838+09:00 level=info msg="Validated license token" appURL=http://localhost:3000/ source=disk status=NotFound
logger=licensing.renewal t=2023-01-03T01:55:52.26948+09:00 level=warn msg="failed to load or validate token" err="license token file not found: /Users/jinheekim/Desktop/SpringCloud/grafana-9.3.2/data/license.jwt"
logger=cleanup t=2023-01-03T02:05:52.262648+09:00 level=info msg="Completed cleanup jobs" duration=17.221291ms
logger=cleanup t=2023-01-03T02:15:52.179722+09:00 level=info msg="Completed cleanup jobs" duration=8.733958ms
logger=context userId=1 orgId=1 uname=admin t=2023-01-03T02:18:07.531118+09:00 level=info msg="Request Completed" method=GET path=/api/live/ws status=-1 remote_addr=127.0.0.1 time_ms=23 duration=23.242917ms size=0 referer= handler=/api/live/ws
logger=cleanup t=2023-01-03T09:01:49.567558+09:00 level=info msg="Completed cleanup jobs" duration=8.801416ms
logger=context userId=1 orgId=1 uname=admin t=2023-01-03T12:44:39.683417+09:00 level=info msg="Request Completed" method=GET path=/api/live/ws status=-1 remote_addr=127.0.0.1 time_ms=8 duration=8.431875ms size=0 referer= handler=/api/live/ws
logger=cleanup t=2023-01-03T12:50:36.129901+09:00 level=info msg="Completed cleanup jobs" duration=3.743833ms
logger=cleanup t=2023-01-03T13:00:34.017966+09:00 level=info msg="Completed cleanup jobs" duration=6.523417ms
logger=licensing t=2023-01-03T13:10:36.254395+09:00 level=info msg="Validated license token" appURL=http://localhost:3000/ source=disk status=NotFound
logger=licensing.renewal t=2023-01-03T13:10:36.254782+09:00 level=warn msg="failed to load or validate token" err="license token file not found: /Users/jinheekim/Desktop/SpringCloud/grafana-9.3.2/data/license.jwt"
logger=cleanup t=2023-01-03T13:10:36.270557+09:00 level=info msg="Completed cleanup jobs" duration=24.556833ms
logger=cleanup t=2023-01-03T13:20:36.223265+09:00 level=info msg="Completed cleanup jobs" duration=8.900625ms
logger=cleanup t=2023-01-03T13:30:36.208904+09:00 level=info msg="Completed cleanup jobs" duration=9.781542ms
logger=cleanup t=2023-01-03T13:40:36.185977+09:00 level=info msg="Completed cleanup jobs" duration=10.539542ms
logger=cleanup t=2023-01-03T13:50:36.164134+09:00 level=info msg="Completed cleanup jobs" duration=8.929208ms
logger=cleanup t=2023-01-03T14:00:36.148319+09:00 level=info msg="Completed cleanup jobs" duration=13.204417ms
logger=licensing t=2023-01-03T14:10:36.120511+09:00 level=info msg="Validated license token" appURL=http://localhost:3000/ source=disk status=NotFound
logger=licensing.renewal t=2023-01-03T14:10:36.120973+09:00 level=warn msg="failed to load or validate token" err="license token file not found: /Users/jinheekim/Desktop/SpringCloud/grafana-9.3.2/data/license.jwt"
logger=cleanup t=2023-01-03T14:10:36.126444+09:00 level=info msg="Completed cleanup jobs" duration=11.916042ms
logger=cleanup t=2023-01-03T14:20:36.103689+09:00 level=info msg="Completed cleanup jobs" duration=12.145709ms
logger=cleanup t=2023-01-03T14:30:36.077374+09:00 level=info msg="Completed cleanup jobs" duration=9.761625ms
logger=cleanup t=2023-01-03T14:40:36.05603+09:00 level=info msg="Completed cleanup jobs" duration=8.968417ms
logger=cleanup t=2023-01-03T14:50:36.036123+09:00 level=info msg="Completed cleanup jobs" duration=11.881333ms
logger=cleanup t=2023-01-03T15:00:36.009164+09:00 level=info msg="Completed cleanup jobs" duration=9.061167ms
logger=cleanup t=2023-01-03T15:10:35.958995+09:00 level=info msg="Completed cleanup jobs" duration=7.025042ms
logger=licensing t=2023-01-03T15:10:35.97559+09:00 level=info msg="Validated license token" appURL=http://localhost:3000/ source=disk status=NotFound
logger=licensing.renewal t=2023-01-03T15:10:35.975803+09:00 level=warn msg="failed to load or validate token" err="license token file not found: /Users/jinheekim/Desktop/SpringCloud/grafana-9.3.2/data/license.jwt"
logger=cleanup t=2023-01-03T15:20:35.936472+09:00 level=info msg="Completed cleanup jobs" duration=9.736209ms
logger=cleanup t=2023-01-03T15:30:35.905986+09:00 level=info msg="Completed cleanup jobs" duration=10.525167ms
logger=cleanup t=2023-01-03T15:40:35.877904+09:00 level=info msg="Completed cleanup jobs" duration=10.534042ms
logger=cleanup t=2023-01-03T15:50:35.914037+09:00 level=info msg="Completed cleanup jobs" duration=12.785667ms
logger=cleanup t=2023-01-03T16:00:35.899773+09:00 level=info msg="Completed cleanup jobs" duration=9.380167ms
logger=cleanup t=2023-01-03T16:10:35.884068+09:00 level=info msg="Completed cleanup jobs" duration=10.966916ms
logger=licensing t=2023-01-03T16:10:35.884517+09:00 level=info msg="Validated license token" appURL=http://localhost:3000/ source=disk status=NotFound
logger=licensing.renewal t=2023-01-03T16:10:35.884622+09:00 level=warn msg="failed to load or validate token" err="license token file not found: /Users/jinheekim/Desktop/SpringCloud/grafana-9.3.2/data/license.jwt"
logger=cleanup t=2023-01-03T16:20:35.873324+09:00 level=info msg="Completed cleanup jobs" duration=12.555375ms
logger=cleanup t=2023-01-03T16:30:35.858145+09:00 level=info msg="Completed cleanup jobs" duration=10.593625ms
logger=cleanup t=2023-01-03T16:40:35.823381+09:00 level=info msg="Completed cleanup jobs" duration=13.061417ms
logger=cleanup t=2023-01-03T16:50:35.810748+09:00 level=info msg="Completed cleanup jobs" duration=19.308625ms
logger=cleanup t=2023-01-03T17:00:35.782813+09:00 level=info msg="Completed cleanup jobs" duration=12.292416ms
logger=licensing t=2023-01-03T17:10:35.7616+09:00 level=info msg="Validated license token" appURL=http://localhost:3000/ source=disk status=NotFound
logger=licensing.renewal t=2023-01-03T17:10:35.762222+09:00 level=warn msg="failed to load or validate token" err="license token file not found: /Users/jinheekim/Desktop/SpringCloud/grafana-9.3.2/data/license.jwt"
logger=cleanup t=2023-01-03T17:10:35.76644+09:00 level=info msg="Completed cleanup jobs" duration=12.581125ms
logger=cleanup t=2023-01-03T17:20:35.690482+09:00 level=info msg="Completed cleanup jobs" duration=5.735583ms
